{"meta": {"format": 3, "version": "7.13.4", "timestamp": "2026-03-06T17:40:15.239592", "branch_coverage": true, "show_contexts": false}, "files": {"app\\__init__.py": {"executed_lines": [12, 13, 15, 16, 18], "summary": {"covered_lines": 5, "num_statements": 5, "percent_covered": 100.0, "percent_covered_display": "100", "missing_lines": 0, "excluded_lines": 0, "percent_statements_covered": 100.0, "percent_statements_covered_display": "100", "num_branches": 0, "num_partial_branches": 0, "covered_branches": 0, "missing_branches": 0, "percent_branches_covered": 100.0, "percent_branches_covered_display": "100"}, "missing_lines": [], "excluded_lines": [], "executed_branches": [], "missing_branches": [], "functions": {"": {"executed_lines": [12, 13, 15, 16, 18], "summary": {"covered_lines": 5, "num_statements": 5, "percent_covered": 100.0, "percent_covered_display": "100", "missing_lines": 0, "excluded_lines": 0, "percent_statements_covered": 100.0, "percent_statements_covered_display": "100", "num_branches": 0, "num_partial_branches": 0, "covered_branches": 0, "missing_branches": 0, "percent_branches_covered": 100.0, "percent_branches_covered_display": "100"}, "missing_lines": [], "excluded_lines": [], "start_line": 1, "executed_branches": [], "missing_branches": []}}, "classes": {"": {"executed_lines": [12, 13, 15, 16, 18], "summary": {"covered_lines": 5, "num_statements": 5, "percent_covered": 100.0, "percent_covered_display": "100", "missing_lines": 0, "excluded_lines": 0, "percent_statements_covered": 100.0, "percent_statements_covered_display": "100", "num_branches": 0, "num_partial_branches": 0, "covered_branches": 0, "missing_branches": 0, "percent_branches_covered": 100.0, "percent_branches_covered_display": "100"}, "missing_lines": [], "excluded_lines": [], "start_line": 1, "executed_branches": [], "missing_branches": []}}}, "app\\api\\__init__.py": {"executed_lines": [6, 7, 8, 9, 10, 12], "summary": {"covered_lines": 6, "num_statements": 6, "percent_covered": 100.0, "percent_covered_display": "100", "missing_lines": 0, "excluded_lines": 0, "percent_statements_covered": 100.0, "percent_statements_covered_display": "100", "num_branches": 0, "num_partial_branches": 0, "covered_branches": 0, "missing_branches": 0, "percent_branches_covered": 100.0, "percent_branches_covered_display": "100"}, "missing_lines": [], "excluded_lines": [], "executed_branches": [], "missing_branches": [], "functions": {"": {"executed_lines": [6, 7, 8, 9, 10, 12], "summary": {"covered_lines": 6, "num_statements": 6, "percent_covered": 100.0, "percent_covered_display": "100", "missing_lines": 0, "excluded_lines": 0, "percent_statements_covered": 100.0, "percent_statements_covered_display": "100", "num_branches": 0, "num_partial_branches": 0, "covered_branches": 0, "missing_branches": 0, "percent_branches_covered": 100.0, "percent_branches_covered_display": "100"}, "missing_lines": [], "excluded_lines": [], "start_line": 1, "executed_branches": [], "missing_branches": []}}, "classes": {"": {"executed_lines": [6, 7, 8, 9, 10, 12], "summary": {"covered_lines": 6, "num_statements": 6, "percent_covered": 100.0, "percent_covered_display": "100", "missing_lines": 0, "excluded_lines": 0, "percent_statements_covered": 100.0, "percent_statements_covered_display": "100", "num_branches": 0, "num_partial_branches": 0, "covered_branches": 0, "missing_branches": 0, "percent_branches_covered": 100.0, "percent_branches_covered_display": "100"}, "missing_lines": [], "excluded_lines": [], "start_line": 1, "executed_branches": [], "missing_branches": []}}}, "app\\api\\mock_data.py": {"executed_lines": [8, 9, 10, 11, 12, 13, 17, 21, 66, 69, 75, 95, 115, 177, 200, 227, 248, 275, 277, 280, 281, 283, 286, 287, 288, 290, 304, 306, 307, 308, 310, 311, 312, 315, 320, 322, 323, 326, 327, 328, 329, 330, 332, 341, 343, 346, 663, 720, 759, 792, 979, 997, 1000, 1002, 1005, 1007, 1008, 1009, 1012, 1014, 1015, 1016, 1017, 1018, 1019, 1020, 1022, 1029, 1031], "summary": {"covered_lines": 69, "num_statements": 173, "percent_covered": 33.92070484581498, "percent_covered_display": "34", "missing_lines": 104, "excluded_lines": 0, "percent_statements_covered": 39.884393063583815, "percent_statements_covered_display": "40", "num_branches": 54, "num_partial_branches": 4, "covered_branches": 8, "missing_branches": 46, "percent_branches_covered": 14.814814814814815, "percent_branches_covered_display": "15"}, "missing_lines": [71, 72, 77, 78, 80, 81, 83, 84, 86, 92, 98, 99, 100, 102, 117, 174, 179, 202, 203, 205, 206, 208, 209, 211, 219, 229, 231, 250, 252, 254, 255, 257, 268, 284, 349, 350, 351, 352, 354, 357, 367, 655, 656, 658, 666, 667, 670, 671, 672, 673, 674, 675, 678, 679, 682, 683, 684, 685, 686, 688, 689, 690, 691, 692, 695, 697, 698, 700, 722, 762, 765, 766, 767, 768, 769, 770, 771, 772, 773, 774, 775, 776, 778, 779, 781, 799, 800, 803, 952, 953, 954, 955, 957, 959, 960, 962, 964, 967, 968, 969, 971, 974, 975, 1010], "excluded_lines": [], "executed_branches": [[280, 281], [283, 286], [307, 308], [322, 323], [322, 343], [1009, 1012], [1016, 1017], [1016, 1022]], "missing_branches": [[80, 81], [80, 92], [205, 206], [205, 219], [252, 254], [252, 268], [280, 283], [283, 284], [307, 310], [349, 350], [349, 351], [351, 352], [351, 354], [655, 656], [655, 658], [671, 672], [671, 700], [673, 674], [673, 698], [674, 675], [674, 678], [682, 683], [682, 684], [684, 685], [684, 686], [686, 688], [686, 689], [689, 690], [689, 691], [691, 692], [691, 695], [765, 766], [765, 768], [768, 769], [768, 771], [771, 772], [771, 774], [774, 775], [774, 778], [952, 953], [952, 964], [957, 959], [957, 964], [967, 968], [967, 971], [1009, 1010]], "functions": {"_random_change": {"executed_lines": [], "summary": {"covered_lines": 0, "num_statements": 2, "percent_covered": 0.0, "percent_covered_display": "0", "missing_lines": 2, "excluded_lines": 0, "percent_statements_covered": 0.0, "percent_statements_covered_display": "0", "num_branches": 0, "num_partial_branches": 0, "covered_branches": 0, "missing_branches": 0, "percent_branches_covered": 100.0, "percent_branches_covered_display": "100"}, "missing_lines": [71, 72], "excluded_lines": [], "start_line": 69, "executed_branches": [], "missing_branches": []}, "_generate_price_history": {"executed_lines": [], "summary": {"covered_lines": 0, "num_statements": 8, "percent_covered": 0.0, "percent_covered_display": "0", "missing_lines": 8, "excluded_lines": 0, "percent_statements_covered": 0.0, "percent_statements_covered_display": "0", "num_branches": 2, "num_partial_branches": 0, "covered_branches": 0, "missing_branches": 2, "percent_branches_covered": 0.0, "percent_branches_covered_display": "0"}, "missing_lines": [77, 78, 80, 81, 83, 84, 86, 92], "excluded_lines": [], "start_line": 75, "executed_branches": [], "missing_branches": [[80, 81], [80, 92]]}, "get_portfolio_summary": {"executed_lines": [], "summary": {"covered_lines": 0, "num_statements": 4, "percent_covered": 0.0, "percent_covered_display": "0", "missing_lines": 4, "excluded_lines": 0, "percent_statements_covered": 0.0, "percent_statements_covered_display": "0", "num_branches": 0, "num_partial_branches": 0, "covered_branches": 0, "missing_branches": 0, "percent_branches_covered": 100.0, "percent_branches_covered_display": "100"}, "missing_lines": [98, 99, 100, 102], "excluded_lines": [], "start_line": 95, "executed_branches": [], "missing_branches": []}, "get_positions": {"executed_lines": [], "summary": {"covered_lines": 0, "num_statements": 2, "percent_covered": 0.0, "percent_covered_display": "0", "missing_lines": 2, "excluded_lines": 0, "percent_statements_covered": 0.0, "percent_statements_covered_display": "0", "num_branches": 0, "num_partial_branches": 0, "covered_branches": 0, "missing_branches": 0, "percent_branches_covered": 100.0, "percent_branches_covered_display": "100"}, "missing_lines": [117, 174], "excluded_lines": [], "start_line": 115, "executed_branches": [], "missing_branches": []}, "get_performance_metrics": {"executed_lines": [], "summary": {"covered_lines": 0, "num_statements": 1, "percent_covered": 0.0, "percent_covered_display": "0", "missing_lines": 1, "excluded_lines": 0, "percent_statements_covered": 0.0, "percent_statements_covered_display": "0", "num_branches": 0, "num_partial_branches": 0, "covered_branches": 0, "missing_branches": 0, "percent_branches_covered": 100.0, "percent_branches_covered_display": "100"}, "missing_lines": [179], "excluded_lines": [], "start_line": 177, "executed_branches": [], "missing_branches": []}, "get_portfolio_history": {"executed_lines": [], "summary": {"covered_lines": 0, "num_statements": 8, "percent_covered": 0.0, "percent_covered_display": "0", "missing_lines": 8, "excluded_lines": 0, "percent_statements_covered": 0.0, "percent_statements_covered_display": "0", "num_branches": 2, "num_partial_branches": 0, "covered_branches": 0, "missing_branches": 2, "percent_branches_covered": 0.0, "percent_branches_covered_display": "0"}, "missing_lines": [202, 203, 205, 206, 208, 209, 211, 219], "excluded_lines": [], "start_line": 200, "executed_branches": [], "missing_branches": [[205, 206], [205, 219]]}, "get_allocation": {"executed_lines": [], "summary": {"covered_lines": 0, "num_statements": 2, "percent_covered": 0.0, "percent_covered_display": "0", "missing_lines": 2, "excluded_lines": 0, "percent_statements_covered": 0.0, "percent_statements_covered_display": "0", "num_branches": 0, "num_partial_branches": 0, "covered_branches": 0, "missing_branches": 0, "percent_branches_covered": 100.0, "percent_branches_covered_display": "100"}, "missing_lines": [229, 231], "excluded_lines": [], "start_line": 227, "executed_branches": [], "missing_branches": []}, "get_market_prices": {"executed_lines": [], "summary": {"covered_lines": 0, "num_statements": 6, "percent_covered": 0.0, "percent_covered_display": "0", "missing_lines": 6, "excluded_lines": 0, "percent_statements_covered": 0.0, "percent_statements_covered_display": "0", "num_branches": 2, "num_partial_branches": 0, "covered_branches": 0, "missing_branches": 2, "percent_branches_covered": 0.0, "percent_branches_covered_display": "0"}, "missing_lines": [250, 252, 254, 255, 257, 268], "excluded_lines": [], "start_line": 248, "executed_branches": [], "missing_branches": [[252, 254], [252, 268]]}, "get_price_data": {"executed_lines": [277, 280, 281, 283, 286, 287, 288, 290], "summary": {"covered_lines": 8, "num_statements": 9, "percent_covered": 76.92307692307692, "percent_covered_display": "77", "missing_lines": 1, "excluded_lines": 0, "percent_statements_covered": 88.88888888888889, "percent_statements_covered_display": "89", "num_branches": 4, "num_partial_branches": 2, "covered_branches": 2, "missing_branches": 2, "percent_branches_covered": 50.0, "percent_branches_covered_display": "50"}, "missing_lines": [284], "excluded_lines": [], "start_line": 275, "executed_branches": [[280, 281], [283, 286]], "missing_branches": [[280, 283], [283, 284]]}, "get_candle_data": {"executed_lines": [306, 307, 308, 310, 311, 312, 315, 320, 322, 323, 326, 327, 328, 329, 330, 332, 341, 343], "summary": {"covered_lines": 18, "num_statements": 18, "percent_covered": 95.45454545454545, "percent_covered_display": "95", "missing_lines": 0, "excluded_lines": 0, "percent_statements_covered": 100.0, "percent_statements_covered_display": "100", "num_branches": 4, "num_partial_branches": 1, "covered_branches": 3, "missing_branches": 1, "percent_branches_covered": 75.0, "percent_branches_covered_display": "75"}, "missing_lines": [], "excluded_lines": [], "start_line": 304, "executed_branches": [[307, 308], [322, 323], [322, 343]], "missing_branches": [[307, 310]]}, "get_orders": {"executed_lines": [], "summary": {"covered_lines": 0, "num_statements": 10, "percent_covered": 0.0, "percent_covered_display": "0", "missing_lines": 10, "excluded_lines": 0, "percent_statements_covered": 0.0, "percent_statements_covered_display": "0", "num_branches": 6, "num_partial_branches": 0, "covered_branches": 0, "missing_branches": 6, "percent_branches_covered": 0.0, "percent_branches_covered_display": "0"}, "missing_lines": [349, 350, 351, 352, 354, 357, 367, 655, 656, 658], "excluded_lines": [], "start_line": 346, "executed_branches": [], "missing_branches": [[349, 350], [349, 351], [351, 352], [351, 354], [655, 656], [655, 658]]}, "get_risk_metrics": {"executed_lines": [], "summary": {"covered_lines": 0, "num_statements": 24, "percent_covered": 0.0, "percent_covered_display": "0", "missing_lines": 24, "excluded_lines": 0, "percent_statements_covered": 0.0, "percent_statements_covered_display": "0", "num_branches": 16, "num_partial_branches": 0, "covered_branches": 0, "missing_branches": 16, "percent_branches_covered": 0.0, "percent_branches_covered_display": "0"}, "missing_lines": [666, 667, 670, 671, 672, 673, 674, 675, 678, 679, 682, 683, 684, 685, 686, 688, 689, 690, 691, 692, 695, 697, 698, 700], "excluded_lines": [], "start_line": 663, "executed_branches": [], "missing_branches": [[671, 672], [671, 700], [673, 674], [673, 698], [674, 675], [674, 678], [682, 683], [682, 684], [684, 685], [684, 686], [686, 688], [686, 689], [689, 690], [689, 691], [691, 692], [691, 695]]}, "get_strategy_signals": {"executed_lines": [], "summary": {"covered_lines": 0, "num_statements": 1, "percent_covered": 0.0, "percent_covered_display": "0", "missing_lines": 1, "excluded_lines": 0, "percent_statements_covered": 0.0, "percent_statements_covered_display": "0", "num_branches": 0, "num_partial_branches": 0, "covered_branches": 0, "missing_branches": 0, "percent_branches_covered": 100.0, "percent_branches_covered_display": "100"}, "missing_lines": [722], "excluded_lines": [], "start_line": 720, "executed_branches": [], "missing_branches": []}, "get_market_sentiment": {"executed_lines": [], "summary": {"covered_lines": 0, "num_statements": 16, "percent_covered": 0.0, "percent_covered_display": "0", "missing_lines": 16, "excluded_lines": 0, "percent_statements_covered": 0.0, "percent_statements_covered_display": "0", "num_branches": 8, "num_partial_branches": 0, "covered_branches": 0, "missing_branches": 8, "percent_branches_covered": 0.0, "percent_branches_covered_display": "0"}, "missing_lines": [762, 765, 766, 767, 768, 769, 770, 771, 772, 773, 774, 775, 776, 778, 779, 781], "excluded_lines": [], "start_line": 759, "executed_branches": [], "missing_branches": [[765, 766], [765, 768], [768, 769], [768, 771], [771, 772], [771, 774], [774, 775], [774, 778]]}, "get_news": {"executed_lines": [], "summary": {"covered_lines": 0, "num_statements": 18, "percent_covered": 0.0, "percent_covered_display": "0", "missing_lines": 18, "excluded_lines": 0, "percent_statements_covered": 0.0, "percent_statements_covered_display": "0", "num_branches": 6, "num_partial_branches": 0, "covered_branches": 0, "missing_branches": 6, "percent_branches_covered": 0.0, "percent_branches_covered_display": "0"}, "missing_lines": [799, 800, 803, 952, 953, 954, 955, 957, 959, 960, 962, 964, 967, 968, 969, 971, 974, 975], "excluded_lines": [], "start_line": 792, "executed_branches": [], "missing_branches": [[952, 953], [952, 964], [957, 959], [957, 964], [967, 968], [967, 971]]}, "get_mock_ticker": {"executed_lines": [1002], "summary": {"covered_lines": 1, "num_statements": 1, "percent_covered": 100.0, "percent_covered_display": "100", "missing_lines": 0, "excluded_lines": 0, "percent_statements_covered": 100.0, "percent_statements_covered_display": "100", "num_branches": 0, "num_partial_branches": 0, "covered_branches": 0, "missing_branches": 0, "percent_branches_covered": 100.0, "percent_branches_covered_display": "100"}, "missing_lines": [], "excluded_lines": [], "start_line": 1000, "executed_branches": [], "missing_branches": []}, "get_mock_orderbook": {"executed_lines": [1007, 1008, 1009, 1012, 1014, 1015, 1016, 1017, 1018, 1019, 1020, 1022], "summary": {"covered_lines": 12, "num_statements": 13, "percent_covered": 88.23529411764706, "percent_covered_display": "88", "missing_lines": 1, "excluded_lines": 0, "percent_statements_covered": 92.3076923076923, "percent_statements_covered_display": "92", "num_branches": 4, "num_partial_branches": 1, "covered_branches": 3, "missing_branches": 1, "percent_branches_covered": 75.0, "percent_branches_covered_display": "75"}, "missing_lines": [1010], "excluded_lines": [], "start_line": 1005, "executed_branches": [[1009, 1012], [1016, 1017], [1016, 1022]], "missing_branches": [[1009, 1010]]}, "get_mock_ohlcv": {"executed_lines": [1031], "summary": {"covered_lines": 1, "num_statements": 1, "percent_covered": 100.0, "percent_covered_display": "100", "missing_lines": 0, "excluded_lines": 0, "percent_statements_covered": 100.0, "percent_statements_covered_display": "100", "num_branches": 0, "num_partial_branches": 0, "covered_branches": 0, "missing_branches": 0, "percent_branches_covered": 100.0, "percent_branches_covered_display": "100"}, "missing_lines": [], "excluded_lines": [], "start_line": 1029, "executed_branches": [], "missing_branches": []}, "": {"executed_lines": [8, 9, 10, 11, 12, 13, 17, 21, 66, 69, 75, 95, 115, 177, 200, 227, 248, 275, 304, 346, 663, 720, 759, 792, 979, 997, 1000, 1005, 1029], "summary": {"covered_lines": 29, "num_statements": 29, "percent_covered": 100.0, "percent_covered_display": "100", "missing_lines": 0, "excluded_lines": 0, "percent_statements_covered": 100.0, "percent_statements_covered_display": "100", "num_branches": 0, "num_partial_branches": 0, "covered_branches": 0, "missing_branches": 0, "percent_branches_covered": 100.0, "percent_branches_covered_display": "100"}, "missing_lines": [], "excluded_lines": [], "start_line": 1, "executed_branches": [], "missing_branches": []}}, "classes": {"": {"executed_lines": [8, 9, 10, 11, 12, 13, 17, 21, 66, 69, 75, 95, 115, 177, 200, 227, 248, 275, 277, 280, 281, 283, 286, 287, 288, 290, 304, 306, 307, 308, 310, 311, 312, 315, 320, 322, 323, 326, 327, 328, 329, 330, 332, 341, 343, 346, 663, 720, 759, 792, 979, 997, 1000, 1002, 1005, 1007, 1008, 1009, 1012, 1014, 1015, 1016, 1017, 1018, 1019, 1020, 1022, 1029, 1031], "summary": {"covered_lines": 69, "num_statements": 173, "percent_covered": 33.92070484581498, "percent_covered_display": "34", "missing_lines": 104, "excluded_lines": 0, "percent_statements_covered": 39.884393063583815, "percent_statements_covered_display": "40", "num_branches": 54, "num_partial_branches": 4, "covered_branches": 8, "missing_branches": 46, "percent_branches_covered": 14.814814814814815, "percent_branches_covered_display": "15"}, "missing_lines": [71, 72, 77, 78, 80, 81, 83, 84, 86, 92, 98, 99, 100, 102, 117, 174, 179, 202, 203, 205, 206, 208, 209, 211, 219, 229, 231, 250, 252, 254, 255, 257, 268, 284, 349, 350, 351, 352, 354, 357, 367, 655, 656, 658, 666, 667, 670, 671, 672, 673, 674, 675, 678, 679, 682, 683, 684, 685, 686, 688, 689, 690, 691, 692, 695, 697, 698, 700, 722, 762, 765, 766, 767, 768, 769, 770, 771, 772, 773, 774, 775, 776, 778, 779, 781, 799, 800, 803, 952, 953, 954, 955, 957, 959, 960, 962, 964, 967, 968, 969, 971, 974, 975, 1010], "excluded_lines": [], "start_line": 1, "executed_branches": [[280, 281], [283, 286], [307, 308], [322, 323], [322, 343], [1009, 1012], [1016, 1017], [1016, 1022]], "missing_branches": [[80, 81], [80, 92], [205, 206], [205, 219], [252, 254], [252, 268], [280, 283], [283, 284], [307, 310], [349, 350], [349, 351], [351, 352], [351, 354], [655, 656], [655, 658], [671, 672], [671, 700], [673, 674], [673, 698], [674, 675], [674, 678], [682, 683], [682, 684], [684, 685], [684, 686], [686, 688], [686, 689], [689, 690], [689, 691], [691, 692], [691, 695], [765, 766], [765, 768], [768, 769], [768, 771], [771, 772], [771, 774], [774, 775], [774, 778], [952, 953], [952, 964], [957, 959], [957, 964], [967, 968], [967, 971], [1009, 1010]]}}}, "app\\api\\routes\\__init__.py": {"executed_lines": [7, 8, 9, 10, 11, 12, 13, 14, 15, 17], "summary": {"covered_lines": 10, "num_statements": 10, "percent_covered": 100.0, "percent_covered_display": "100", "missing_lines": 0, "excluded_lines": 0, "percent_statements_covered": 100.0, "percent_statements_covered_display": "100", "num_branches": 0, "num_partial_branches": 0, "covered_branches": 0, "missing_branches": 0, "percent_branches_covered": 100.0, "percent_branches_covered_display": "100"}, "missing_lines": [], "excluded_lines": [], "executed_branches": [], "missing_branches": [], "functions": {"": {"executed_lines": [7, 8, 9, 10, 11, 12, 13, 14, 15, 17], "summary": {"covered_lines": 10, "num_statements": 10, "percent_covered": 100.0, "percent_covered_display": "100", "missing_lines": 0, "excluded_lines": 0, "percent_statements_covered": 100.0, "percent_statements_covered_display": "100", "num_branches": 0, "num_partial_branches": 0, "covered_branches": 0, "missing_branches": 0, "percent_branches_covered": 100.0, "percent_branches_covered_display": "100"}, "missing_lines": [], "excluded_lines": [], "start_line": 1, "executed_branches": [], "missing_branches": []}}, "classes": {"": {"executed_lines": [7, 8, 9, 10, 11, 12, 13, 14, 15, 17], "summary": {"covered_lines": 10, "num_statements": 10, "percent_covered": 100.0, "percent_covered_display": "100", "missing_lines": 0, "excluded_lines": 0, "percent_statements_covered": 100.0, "percent_statements_covered_display": "100", "num_branches": 0, "num_partial_branches": 0, "covered_branches": 0, "missing_branches": 0, "percent_branches_covered": 100.0, "percent_branches_covered_display": "100"}, "missing_lines": [], "excluded_lines": [], "start_line": 1, "executed_branches": [], "missing_branches": []}}}, "app\\api\\routes\\auth.py": {"executed_lines": [13, 14, 15, 16, 17, 19, 20, 22, 24, 25, 29, 35, 38, 39, 40, 44, 49, 53, 54, 57, 64, 72, 109, 110, 152, 153, 193, 194, 234, 235, 252, 253, 267, 268, 283, 284, 296, 303, 304, 307, 312, 313, 325, 326, 355, 359, 362, 363], "summary": {"covered_lines": 48, "num_statements": 93, "percent_covered": 49.48453608247423, "percent_covered_display": "49", "missing_lines": 45, "excluded_lines": 14, "percent_statements_covered": 51.61290322580645, "percent_statements_covered_display": "52", "num_branches": 4, "num_partial_branches": 0, "covered_branches": 0, "missing_branches": 4, "percent_branches_covered": 0.0, "percent_branches_covered_display": "0"}, "missing_lines": [80, 87, 88, 90, 97, 99, 105, 118, 123, 124, 132, 133, 135, 137, 161, 164, 165, 172, 183, 185, 199, 201, 208, 210, 217, 218, 220, 241, 259, 274, 276, 286, 320, 322, 334, 337, 343, 345, 370, 372, 373, 376, 377, 378, 380], "excluded_lines": [1, 30, 32, 52, 81, 91, 100, 111, 121, 125, 166, 175, 202, 211], "executed_branches": [], "missing_branches": [[123, 124], [123, 132], [377, 378], [377, 380]], "functions": {"get_current_user": {"executed_lines": [], "summary": {"covered_lines": 0, "num_statements": 7, "percent_covered": 0.0, "percent_covered_display": "0", "missing_lines": 7, "excluded_lines": 3, "percent_statements_covered": 0.0, "percent_statements_covered_display": "0", "num_branches": 0, "num_partial_branches": 0, "covered_branches": 0, "missing_branches": 0, "percent_branches_covered": 100.0, "percent_branches_covered_display": "100"}, "missing_lines": [80, 87, 88, 90, 97, 99, 105], "excluded_lines": [81, 91, 100], "start_line": 72, "executed_branches": [], "missing_branches": []}, "login": {"executed_lines": [], "summary": {"covered_lines": 0, "num_statements": 7, "percent_covered": 0.0, "percent_covered_display": "0", "missing_lines": 7, "excluded_lines": 3, "percent_statements_covered": 0.0, "percent_statements_covered_display": "0", "num_branches": 2, "num_partial_branches": 0, "covered_branches": 0, "missing_branches": 2, "percent_branches_covered": 0.0, "percent_branches_covered_display": "0"}, "missing_lines": [118, 123, 124, 132, 133, 135, 137], "excluded_lines": [111, 121, 125], "start_line": 110, "executed_branches": [], "missing_branches": [[123, 124], [123, 132]]}, "register": {"executed_lines": [], "summary": {"covered_lines": 0, "num_statements": 6, "percent_covered": 0.0, "percent_covered_display": "0", "missing_lines": 6, "excluded_lines": 2, "percent_statements_covered": 0.0, "percent_statements_covered_display": "0", "num_branches": 0, "num_partial_branches": 0, "covered_branches": 0, "missing_branches": 0, "percent_branches_covered": 100.0, "percent_branches_covered_display": "100"}, "missing_lines": [161, 164, 165, 172, 183, 185], "excluded_lines": [166, 175], "start_line": 153, "executed_branches": [], "missing_branches": []}, "refresh_token": {"executed_lines": [], "summary": {"covered_lines": 0, "num_statements": 7, "percent_covered": 0.0, "percent_covered_display": "0", "missing_lines": 7, "excluded_lines": 2, "percent_statements_covered": 0.0, "percent_statements_covered_display": "0", "num_branches": 0, "num_partial_branches": 0, "covered_branches": 0, "missing_branches": 0, "percent_branches_covered": 100.0, "percent_branches_covered_display": "100"}, "missing_lines": [199, 201, 208, 210, 217, 218, 220], "excluded_lines": [202, 211], "start_line": 194, "executed_branches": [], "missing_branches": []}, "get_current_user_info": {"executed_lines": [], "summary": {"covered_lines": 0, "num_statements": 1, "percent_covered": 0.0, "percent_covered_display": "0", "missing_lines": 1, "excluded_lines": 0, "percent_statements_covered": 0.0, "percent_statements_covered_display": "0", "num_branches": 0, "num_partial_branches": 0, "covered_branches": 0, "missing_branches": 0, "percent_branches_covered": 100.0, "percent_branches_covered_display": "100"}, "missing_lines": [241], "excluded_lines": [], "start_line": 235, "executed_branches": [], "missing_branches": []}, "verify_token": {"executed_lines": [], "summary": {"covered_lines": 0, "num_statements": 1, "percent_covered": 0.0, "percent_covered_display": "0", "missing_lines": 1, "excluded_lines": 0, "percent_statements_covered": 0.0, "percent_statements_covered_display": "0", "num_branches": 0, "num_partial_branches": 0, "covered_branches": 0, "missing_branches": 0, "percent_branches_covered": 100.0, "percent_branches_covered_display": "100"}, "missing_lines": [259], "excluded_lines": [], "start_line": 253, "executed_branches": [], "missing_branches": []}, "logout": {"executed_lines": [], "summary": {"covered_lines": 0, "num_statements": 2, "percent_covered": 0.0, "percent_covered_display": "0", "missing_lines": 2, "excluded_lines": 0, "percent_statements_covered": 0.0, "percent_statements_covered_display": "0", "num_branches": 0, "num_partial_branches": 0, "covered_branches": 0, "missing_branches": 0, "percent_branches_covered": 100.0, "percent_branches_covered_display": "100"}, "missing_lines": [274, 276], "excluded_lines": [], "start_line": 268, "executed_branches": [], "missing_branches": []}, "auth_health": {"executed_lines": [], "summary": {"covered_lines": 0, "num_statements": 1, "percent_covered": 0.0, "percent_covered_display": "0", "missing_lines": 1, "excluded_lines": 0, "percent_statements_covered": 0.0, "percent_statements_covered_display": "0", "num_branches": 0, "num_partial_branches": 0, "covered_branches": 0, "missing_branches": 0, "percent_branches_covered": 100.0, "percent_branches_covered_display": "100"}, "missing_lines": [286], "excluded_lines": [], "start_line": 284, "executed_branches": [], "missing_branches": []}, "get_subscription": {"executed_lines": [], "summary": {"covered_lines": 0, "num_statements": 2, "percent_covered": 0.0, "percent_covered_display": "0", "missing_lines": 2, "excluded_lines": 0, "percent_statements_covered": 0.0, "percent_statements_covered_display": "0", "num_branches": 0, "num_partial_branches": 0, "covered_branches": 0, "missing_branches": 0, "percent_branches_covered": 100.0, "percent_branches_covered_display": "100"}, "missing_lines": [320, 322], "excluded_lines": [], "start_line": 313, "executed_branches": [], "missing_branches": []}, "purchase_lifetime": {"executed_lines": [], "summary": {"covered_lines": 0, "num_statements": 4, "percent_covered": 0.0, "percent_covered_display": "0", "missing_lines": 4, "excluded_lines": 0, "percent_statements_covered": 0.0, "percent_statements_covered_display": "0", "num_branches": 0, "num_partial_branches": 0, "covered_branches": 0, "missing_branches": 0, "percent_branches_covered": 100.0, "percent_branches_covered_display": "100"}, "missing_lines": [334, 337, 343, 345], "excluded_lines": [], "start_line": 326, "executed_branches": [], "missing_branches": []}, "get_trial_status": {"executed_lines": [], "summary": {"covered_lines": 0, "num_statements": 7, "percent_covered": 0.0, "percent_covered_display": "0", "missing_lines": 7, "excluded_lines": 0, "percent_statements_covered": 0.0, "percent_statements_covered_display": "0", "num_branches": 2, "num_partial_branches": 0, "covered_branches": 0, "missing_branches": 2, "percent_branches_covered": 0.0, "percent_branches_covered_display": "0"}, "missing_lines": [370, 372, 373, 376, 377, 378, 380], "excluded_lines": [], "start_line": 363, "executed_branches": [], "missing_branches": [[377, 378], [377, 380]]}, "": {"executed_lines": [13, 14, 15, 16, 17, 19, 20, 22, 24, 25, 29, 35, 38, 39, 40, 44, 49, 53, 54, 57, 64, 72, 109, 110, 152, 153, 193, 194, 234, 235, 252, 253, 267, 268, 283, 284, 296, 303, 304, 307, 312, 313, 325, 326, 355, 359, 362, 363], "summary": {"covered_lines": 48, "num_statements": 48, "percent_covered": 100.0, "percent_covered_display": "100", "missing_lines": 0, "excluded_lines": 4, "percent_statements_covered": 100.0, "percent_statements_covered_display": "100", "num_branches": 0, "num_partial_branches": 0, "covered_branches": 0, "missing_branches": 0, "percent_branches_covered": 100.0, "percent_branches_covered_display": "100"}, "missing_lines": [], "excluded_lines": [1, 30, 32, 52], "start_line": 1, "executed_branches": [], "missing_branches": []}}, "classes": {"LoginRequest": {"executed_lines": [], "summary": {"covered_lines": 0, "num_statements": 0, "percent_covered": 100.0, "percent_covered_display": "100", "missing_lines": 0, "excluded_lines": 0, "percent_statements_covered": 100.0, "percent_statements_covered_display": "100", "num_branches": 0, "num_partial_branches": 0, "covered_branches": 0, "missing_branches": 0, "percent_branches_covered": 100.0, "percent_branches_covered_display": "100"}, "missing_lines": [], "excluded_lines": [], "start_line": 29, "executed_branches": [], "missing_branches": []}, "LoginResponse": {"executed_lines": [], "summary": {"covered_lines": 0, "num_statements": 0, "percent_covered": 100.0, "percent_covered_display": "100", "missing_lines": 0, "excluded_lines": 0, "percent_statements_covered": 100.0, "percent_statements_covered_display": "100", "num_branches": 0, "num_partial_branches": 0, "covered_branches": 0, "missing_branches": 0, "percent_branches_covered": 100.0, "percent_branches_covered_display": "100"}, "missing_lines": [], "excluded_lines": [], "start_line": 35, "executed_branches": [], "missing_branches": []}, "RefreshTokenRequest": {"executed_lines": [], "summary": {"covered_lines": 0, "num_statements": 0, "percent_covered": 100.0, "percent_covered_display": "100", "missing_lines": 0, "excluded_lines": 0, "percent_statements_covered": 100.0, "percent_statements_covered_display": "100", "num_branches": 0, "num_partial_branches": 0, "covered_branches": 0, "missing_branches": 0, "percent_branches_covered": 100.0, "percent_branches_covered_display": "100"}, "missing_lines": [], "excluded_lines": [], "start_line": 44, "executed_branches": [], "missing_branches": []}, "RegisterRequest": {"executed_lines": [], "summary": {"covered_lines": 0, "num_statements": 0, "percent_covered": 100.0, "percent_covered_display": "100", "missing_lines": 0, "excluded_lines": 0, "percent_statements_covered": 100.0, "percent_statements_covered_display": "100", "num_branches": 0, "num_partial_branches": 0, "covered_branches": 0, "missing_branches": 0, "percent_branches_covered": 100.0, "percent_branches_covered_display": "100"}, "missing_lines": [], "excluded_lines": [], "start_line": 49, "executed_branches": [], "missing_branches": []}, "RegisterResponse": {"executed_lines": [], "summary": {"covered_lines": 0, "num_statements": 0, "percent_covered": 100.0, "percent_covered_display": "100", "missing_lines": 0, "excluded_lines": 0, "percent_statements_covered": 100.0, "percent_statements_covered_display": "100", "num_branches": 0, "num_partial_branches": 0, "covered_branches": 0, "missing_branches": 0, "percent_branches_covered": 100.0, "percent_branches_covered_display": "100"}, "missing_lines": [], "excluded_lines": [], "start_line": 57, "executed_branches": [], "missing_branches": []}, "TokenPayloadResponse": {"executed_lines": [], "summary": {"covered_lines": 0, "num_statements": 0, "percent_covered": 100.0, "percent_covered_display": "100", "missing_lines": 0, "excluded_lines": 0, "percent_statements_covered": 100.0, "percent_statements_covered_display": "100", "num_branches": 0, "num_partial_branches": 0, "covered_branches": 0, "missing_branches": 0, "percent_branches_covered": 100.0, "percent_branches_covered_display": "100"}, "missing_lines": [], "excluded_lines": [], "start_line": 64, "executed_branches": [], "missing_branches": []}, "SubscriptionCheckResponse": {"executed_lines": [], "summary": {"covered_lines": 0, "num_statements": 0, "percent_covered": 100.0, "percent_covered_display": "100", "missing_lines": 0, "excluded_lines": 0, "percent_statements_covered": 100.0, "percent_statements_covered_display": "100", "num_branches": 0, "num_partial_branches": 0, "covered_branches": 0, "missing_branches": 0, "percent_branches_covered": 100.0, "percent_branches_covered_display": "100"}, "missing_lines": [], "excluded_lines": [], "start_line": 296, "executed_branches": [], "missing_branches": []}, "UpgradePlanRequest": {"executed_lines": [], "summary": {"covered_lines": 0, "num_statements": 0, "percent_covered": 100.0, "percent_covered_display": "100", "missing_lines": 0, "excluded_lines": 0, "percent_statements_covered": 100.0, "percent_statements_covered_display": "100", "num_branches": 0, "num_partial_branches": 0, "covered_branches": 0, "missing_branches": 0, "percent_branches_covered": 100.0, "percent_branches_covered_display": "100"}, "missing_lines": [], "excluded_lines": [], "start_line": 307, "executed_branches": [], "missing_branches": []}, "TrialStatusResponse": {"executed_lines": [], "summary": {"covered_lines": 0, "num_statements": 0, "percent_covered": 100.0, "percent_covered_display": "100", "missing_lines": 0, "excluded_lines": 0, "percent_statements_covered": 100.0, "percent_statements_covered_display": "100", "num_branches": 0, "num_partial_branches": 0, "covered_branches": 0, "missing_branches": 0, "percent_branches_covered": 100.0, "percent_branches_covered_display": "100"}, "missing_lines": [], "excluded_lines": [], "start_line": 355, "executed_branches": [], "missing_branches": []}, "": {"executed_lines": [13, 14, 15, 16, 17, 19, 20, 22, 24, 25, 29, 35, 38, 39, 40, 44, 49, 53, 54, 57, 64, 72, 109, 110, 152, 153, 193, 194, 234, 235, 252, 253, 267, 268, 283, 284, 296, 303, 304, 307, 312, 313, 325, 326, 355, 359, 362, 363], "summary": {"covered_lines": 48, "num_statements": 93, "percent_covered": 49.48453608247423, "percent_covered_display": "49", "missing_lines": 45, "excluded_lines": 14, "percent_statements_covered": 51.61290322580645, "percent_statements_covered_display": "52", "num_branches": 4, "num_partial_branches": 0, "covered_branches": 0, "missing_branches": 4, "percent_branches_covered": 0.0, "percent_branches_covered_display": "0"}, "missing_lines": [80, 87, 88, 90, 97, 99, 105, 118, 123, 124, 132, 133, 135, 137, 161, 164, 165, 172, 183, 185, 199, 201, 208, 210, 217, 218, 220, 241, 259, 274, 276, 286, 320, 322, 334, 337, 343, 345, 370, 372, 373, 376, 377, 378, 380], "excluded_lines": [1, 30, 32, 52, 81, 91, 100, 111, 121, 125, 166, 175, 202, 211], "start_line": 1, "executed_branches": [], "missing_branches": [[123, 124], [123, 132], [377, 378], [377, 380]]}}}, "app\\api\\routes\\cache.py": {"executed_lines": [9, 10, 11, 12, 13, 14, 16, 20, 21, 22, 33, 35, 36, 39, 41, 44, 50, 57, 61, 64, 74, 81, 84, 85, 91, 92, 98, 105, 106, 139, 140, 170, 171, 183, 184, 186, 189, 192, 193, 194, 195, 200, 201, 202, 203, 205, 207, 212, 213, 219, 220, 251, 252, 262, 263, 266, 267, 268, 269, 270, 271, 276, 277, 278, 279, 280, 281, 282, 287, 288, 289, 290, 294, 296, 306, 307], "summary": {"covered_lines": 76, "num_statements": 136, "percent_covered": 55.48780487804878, "percent_covered_display": "55", "missing_lines": 60, "excluded_lines": 13, "percent_statements_covered": 55.88235294117647, "percent_statements_covered_display": "56", "num_branches": 28, "num_partial_branches": 3, "covered_branches": 15, "missing_branches": 13, "percent_branches_covered": 53.57142857142857, "percent_branches_covered_display": "54"}, "missing_lines": [23, 25, 26, 27, 29, 42, 116, 122, 123, 124, 125, 127, 129, 134, 135, 146, 147, 154, 155, 156, 157, 158, 161, 162, 214, 215, 226, 227, 229, 230, 237, 239, 242, 243, 272, 273, 291, 292, 301, 302, 313, 315, 316, 317, 318, 319, 320, 321, 322, 323, 326, 327, 328, 329, 330, 331, 332, 334, 338, 339], "excluded_lines": [24, 31, 45, 86, 93, 117, 136, 163, 187, 216, 244, 303, 340], "executed_branches": [[41, 44], [84, 85], [84, 91], [91, 92], [91, 98], [200, 201], [200, 202], [202, 194], [202, 203], [266, 267], [278, 279], [287, 288], [287, 289], [289, 281], [289, 290]], "missing_branches": [[25, 26], [25, 27], [41, 42], [146, 147], [146, 154], [229, 230], [229, 237], [266, 276], [278, 294], [316, 317], [316, 326], [329, 330], [329, 334]], "functions": {"_validate_cache_pattern": {"executed_lines": [41, 44, 50], "summary": {"covered_lines": 3, "num_statements": 4, "percent_covered": 66.66666666666667, "percent_covered_display": "67", "missing_lines": 1, "excluded_lines": 1, "percent_statements_covered": 75.0, "percent_statements_covered_display": "75", "num_branches": 2, "num_partial_branches": 1, "covered_branches": 1, "missing_branches": 1, "percent_branches_covered": 50.0, "percent_branches_covered_display": "50"}, "missing_lines": [42], "excluded_lines": [45], "start_line": 39, "executed_branches": [[41, 44]], "missing_branches": [[41, 42]]}, "verify_admin_access": {"executed_lines": [81, 84, 85, 91, 92, 98], "summary": {"covered_lines": 6, "num_statements": 6, "percent_covered": 100.0, "percent_covered_display": "100", "missing_lines": 0, "excluded_lines": 2, "percent_statements_covered": 100.0, "percent_statements_covered_display": "100", "num_branches": 4, "num_partial_branches": 0, "covered_branches": 4, "missing_branches": 0, "percent_branches_covered": 100.0, "percent_branches_covered_display": "100"}, "missing_lines": [], "excluded_lines": [86, 93], "start_line": 74, "executed_branches": [[84, 85], [84, 91], [91, 92], [91, 98]], "missing_branches": []}, "clear_in_memory_cache": {"executed_lines": [], "summary": {"covered_lines": 0, "num_statements": 9, "percent_covered": 0.0, "percent_covered_display": "0", "missing_lines": 9, "excluded_lines": 2, "percent_statements_covered": 0.0, "percent_statements_covered_display": "0", "num_branches": 0, "num_partial_branches": 0, "covered_branches": 0, "missing_branches": 0, "percent_branches_covered": 100.0, "percent_branches_covered_display": "100"}, "missing_lines": [116, 122, 123, 124, 125, 127, 129, 134, 135], "excluded_lines": [117, 136], "start_line": 106, "executed_branches": [], "missing_branches": []}, "get_in_memory_cache_stats": {"executed_lines": [], "summary": {"covered_lines": 0, "num_statements": 9, "percent_covered": 0.0, "percent_covered_display": "0", "missing_lines": 9, "excluded_lines": 1, "percent_statements_covered": 0.0, "percent_statements_covered_display": "0", "num_branches": 2, "num_partial_branches": 0, "covered_branches": 0, "missing_branches": 2, "percent_branches_covered": 0.0, "percent_branches_covered_display": "0"}, "missing_lines": [146, 147, 154, 155, 156, 157, 158, 161, 162], "excluded_lines": [163], "start_line": 140, "executed_branches": [], "missing_branches": [[146, 147], [146, 154]]}, "clear_redis_cache": {"executed_lines": [183, 184, 186, 189, 192, 193, 194, 195, 200, 201, 202, 203, 205, 207, 212, 213], "summary": {"covered_lines": 16, "num_statements": 18, "percent_covered": 90.9090909090909, "percent_covered_display": "91", "missing_lines": 2, "excluded_lines": 2, "percent_statements_covered": 88.88888888888889, "percent_statements_covered_display": "89", "num_branches": 4, "num_partial_branches": 0, "covered_branches": 4, "missing_branches": 0, "percent_branches_covered": 100.0, "percent_branches_covered_display": "100"}, "missing_lines": [214, 215], "excluded_lines": [187, 216], "start_line": 171, "executed_branches": [[200, 201], [200, 202], [202, 194], [202, 203]], "missing_branches": []}, "get_redis_cache_stats": {"executed_lines": [], "summary": {"covered_lines": 0, "num_statements": 8, "percent_covered": 0.0, "percent_covered_display": "0", "missing_lines": 8, "excluded_lines": 1, "percent_statements_covered": 0.0, "percent_statements_covered_display": "0", "num_branches": 2, "num_partial_branches": 0, "covered_branches": 0, "missing_branches": 2, "percent_branches_covered": 0.0, "percent_branches_covered_display": "0"}, "missing_lines": [226, 227, 229, 230, 237, 239, 242, 243], "excluded_lines": [244], "start_line": 220, "executed_branches": [], "missing_branches": [[229, 230], [229, 237]]}, "clear_all_cache": {"executed_lines": [262, 263, 266, 267, 268, 269, 270, 271, 276, 277, 278, 279, 280, 281, 282, 287, 288, 289, 290, 294, 296], "summary": {"covered_lines": 21, "num_statements": 27, "percent_covered": 77.14285714285714, "percent_covered_display": "77", "missing_lines": 6, "excluded_lines": 1, "percent_statements_covered": 77.77777777777777, "percent_statements_covered_display": "78", "num_branches": 8, "num_partial_branches": 2, "covered_branches": 6, "missing_branches": 2, "percent_branches_covered": 75.0, "percent_branches_covered_display": "75"}, "missing_lines": [272, 273, 291, 292, 301, 302], "excluded_lines": [303], "start_line": 252, "executed_branches": [[266, 267], [278, 279], [287, 288], [287, 289], [289, 281], [289, 290]], "missing_branches": [[266, 276], [278, 294]]}, "get_all_cache_stats": {"executed_lines": [], "summary": {"covered_lines": 0, "num_statements": 20, "percent_covered": 0.0, "percent_covered_display": "0", "missing_lines": 20, "excluded_lines": 1, "percent_statements_covered": 0.0, "percent_statements_covered_display": "0", "num_branches": 4, "num_partial_branches": 0, "covered_branches": 0, "missing_branches": 4, "percent_branches_covered": 0.0, "percent_branches_covered_display": "0"}, "missing_lines": [313, 315, 316, 317, 318, 319, 320, 321, 322, 323, 326, 327, 328, 329, 330, 331, 332, 334, 338, 339], "excluded_lines": [340], "start_line": 307, "executed_branches": [], "missing_branches": [[316, 317], [316, 326], [329, 330], [329, 334]]}, "": {"executed_lines": [9, 10, 11, 12, 13, 14, 16, 20, 21, 22, 33, 35, 36, 39, 57, 61, 64, 74, 105, 106, 139, 140, 170, 171, 219, 220, 251, 252, 306, 307], "summary": {"covered_lines": 30, "num_statements": 35, "percent_covered": 81.08108108108108, "percent_covered_display": "81", "missing_lines": 5, "excluded_lines": 2, "percent_statements_covered": 85.71428571428571, "percent_statements_covered_display": "86", "num_branches": 2, "num_partial_branches": 0, "covered_branches": 0, "missing_branches": 2, "percent_branches_covered": 0.0, "percent_branches_covered_display": "0"}, "missing_lines": [23, 25, 26, 27, 29], "excluded_lines": [24, 31], "start_line": 1, "executed_branches": [], "missing_branches": [[25, 26], [25, 27]]}}, "classes": {"CacheClearResponse": {"executed_lines": [], "summary": {"covered_lines": 0, "num_statements": 0, "percent_covered": 100.0, "percent_covered_display": "100", "missing_lines": 0, "excluded_lines": 0, "percent_statements_covered": 100.0, "percent_statements_covered_display": "100", "num_branches": 0, "num_partial_branches": 0, "covered_branches": 0, "missing_branches": 0, "percent_branches_covered": 100.0, "percent_branches_covered_display": "100"}, "missing_lines": [], "excluded_lines": [], "start_line": 57, "executed_branches": [], "missing_branches": []}, "CacheStatsResponse": {"executed_lines": [], "summary": {"covered_lines": 0, "num_statements": 0, "percent_covered": 100.0, "percent_covered_display": "100", "missing_lines": 0, "excluded_lines": 0, "percent_statements_covered": 100.0, "percent_statements_covered_display": "100", "num_branches": 0, "num_partial_branches": 0, "covered_branches": 0, "missing_branches": 0, "percent_branches_covered": 100.0, "percent_branches_covered_display": "100"}, "missing_lines": [], "excluded_lines": [], "start_line": 64, "executed_branches": [], "missing_branches": []}, "": {"executed_lines": [9, 10, 11, 12, 13, 14, 16, 20, 21, 22, 33, 35, 36, 39, 41, 44, 50, 57, 61, 64, 74, 81, 84, 85, 91, 92, 98, 105, 106, 139, 140, 170, 171, 183, 184, 186, 189, 192, 193, 194, 195, 200, 201, 202, 203, 205, 207, 212, 213, 219, 220, 251, 252, 262, 263, 266, 267, 268, 269, 270, 271, 276, 277, 278, 279, 280, 281, 282, 287, 288, 289, 290, 294, 296, 306, 307], "summary": {"covered_lines": 76, "num_statements": 136, "percent_covered": 55.48780487804878, "percent_covered_display": "55", "missing_lines": 60, "excluded_lines": 13, "percent_statements_covered": 55.88235294117647, "percent_statements_covered_display": "56", "num_branches": 28, "num_partial_branches": 3, "covered_branches": 15, "missing_branches": 13, "percent_branches_covered": 53.57142857142857, "percent_branches_covered_display": "54"}, "missing_lines": [23, 25, 26, 27, 29, 42, 116, 122, 123, 124, 125, 127, 129, 134, 135, 146, 147, 154, 155, 156, 157, 158, 161, 162, 214, 215, 226, 227, 229, 230, 237, 239, 242, 243, 272, 273, 291, 292, 301, 302, 313, 315, 316, 317, 318, 319, 320, 321, 322, 323, 326, 327, 328, 329, 330, 331, 332, 334, 338, 339], "excluded_lines": [24, 31, 45, 86, 93, 117, 136, 163, 187, 216, 244, 303, 340], "start_line": 1, "executed_branches": [[41, 44], [84, 85], [84, 91], [91, 92], [91, 98], [200, 201], [200, 202], [202, 194], [202, 203], [266, 267], [278, 279], [287, 288], [287, 289], [289, 281], [289, 290]], "missing_branches": [[25, 26], [25, 27], [41, 42], [146, 147], [146, 154], [229, 230], [229, 237], [266, 276], [278, 294], [316, 317], [316, 326], [329, 330], [329, 334]]}}}, "app\\api\\routes\\health.py": {"executed_lines": [7, 8, 10, 12, 15, 18, 19, 34, 35, 44, 45], "summary": {"covered_lines": 11, "num_statements": 14, "percent_covered": 78.57142857142857, "percent_covered_display": "79", "missing_lines": 3, "excluded_lines": 0, "percent_statements_covered": 78.57142857142857, "percent_statements_covered_display": "79", "num_branches": 0, "num_partial_branches": 0, "covered_branches": 0, "missing_branches": 0, "percent_branches_covered": 100.0, "percent_branches_covered_display": "100"}, "missing_lines": [25, 41, 51], "excluded_lines": [], "executed_branches": [], "missing_branches": [], "functions": {"health_check": {"executed_lines": [], "summary": {"covered_lines": 0, "num_statements": 1, "percent_covered": 0.0, "percent_covered_display": "0", "missing_lines": 1, "excluded_lines": 0, "percent_statements_covered": 0.0, "percent_statements_covered_display": "0", "num_branches": 0, "num_partial_branches": 0, "covered_branches": 0, "missing_branches": 0, "percent_branches_covered": 100.0, "percent_branches_covered_display": "100"}, "missing_lines": [25], "excluded_lines": [], "start_line": 19, "executed_branches": [], "missing_branches": []}, "readiness_check": {"executed_lines": [], "summary": {"covered_lines": 0, "num_statements": 1, "percent_covered": 0.0, "percent_covered_display": "0", "missing_lines": 1, "excluded_lines": 0, "percent_statements_covered": 0.0, "percent_statements_covered_display": "0", "num_branches": 0, "num_partial_branches": 0, "covered_branches": 0, "missing_branches": 0, "percent_branches_covered": 100.0, "percent_branches_covered_display": "100"}, "missing_lines": [41], "excluded_lines": [], "start_line": 35, "executed_branches": [], "missing_branches": []}, "liveness_check": {"executed_lines": [], "summary": {"covered_lines": 0, "num_statements": 1, "percent_covered": 0.0, "percent_covered_display": "0", "missing_lines": 1, "excluded_lines": 0, "percent_statements_covered": 0.0, "percent_statements_covered_display": "0", "num_branches": 0, "num_partial_branches": 0, "covered_branches": 0, "missing_branches": 0, "percent_branches_covered": 100.0, "percent_branches_covered_display": "100"}, "missing_lines": [51], "excluded_lines": [], "start_line": 45, "executed_branches": [], "missing_branches": []}, "": {"executed_lines": [7, 8, 10, 12, 15, 18, 19, 34, 35, 44, 45], "summary": {"covered_lines": 11, "num_statements": 11, "percent_covered": 100.0, "percent_covered_display": "100", "missing_lines": 0, "excluded_lines": 0, "percent_statements_covered": 100.0, "percent_statements_covered_display": "100", "num_branches": 0, "num_partial_branches": 0, "covered_branches": 0, "missing_branches": 0, "percent_branches_covered": 100.0, "percent_branches_covered_display": "100"}, "missing_lines": [], "excluded_lines": [], "start_line": 1, "executed_branches": [], "missing_branches": []}}, "classes": {"": {"executed_lines": [7, 8, 10, 12, 15, 18, 19, 34, 35, 44, 45], "summary": {"covered_lines": 11, "num_statements": 14, "percent_covered": 78.57142857142857, "percent_covered_display": "79", "missing_lines": 3, "excluded_lines": 0, "percent_statements_covered": 78.57142857142857, "percent_statements_covered_display": "79", "num_branches": 0, "num_partial_branches": 0, "covered_branches": 0, "missing_branches": 0, "percent_branches_covered": 100.0, "percent_branches_covered_display": "100"}, "missing_lines": [25, 41, 51], "excluded_lines": [], "start_line": 1, "executed_branches": [], "missing_branches": []}}}, "app\\api\\routes\\market.py": {"executed_lines": [7, 8, 9, 10, 11, 13, 14, 16, 24, 27, 28, 29, 30, 41, 44, 51, 63, 73, 81, 87, 89, 90, 91, 92, 93, 103, 104, 156, 157, 198, 199, 242, 243, 265, 266, 273, 274, 299, 300, 312, 313, 327, 328, 386, 399, 400, 421, 422, 443, 444, 465, 466, 494, 495, 524, 525, 552, 553, 580, 581, 610, 611, 638, 639], "summary": {"covered_lines": 64, "num_statements": 225, "percent_covered": 23.970037453183522, "percent_covered_display": "24", "missing_lines": 161, "excluded_lines": 14, "percent_statements_covered": 28.444444444444443, "percent_statements_covered_display": "28", "num_branches": 42, "num_partial_branches": 0, "covered_branches": 0, "missing_branches": 42, "percent_branches_covered": 0.0, "percent_branches_covered_display": "0"}, "missing_lines": [32, 33, 34, 35, 36, 37, 38, 109, 110, 111, 123, 141, 142, 144, 162, 163, 164, 165, 166, 176, 181, 186, 188, 189, 190, 192, 208, 209, 210, 220, 221, 223, 224, 225, 226, 227, 228, 230, 239, 247, 250, 251, 253, 254, 255, 257, 270, 281, 283, 284, 285, 286, 288, 296, 304, 317, 319, 339, 340, 341, 352, 354, 355, 356, 357, 358, 359, 360, 361, 362, 363, 364, 365, 367, 368, 370, 388, 389, 390, 391, 392, 393, 394, 395, 396, 405, 406, 409, 410, 411, 416, 417, 426, 427, 430, 431, 432, 438, 439, 449, 450, 453, 454, 455, 460, 461, 472, 473, 476, 477, 478, 484, 485, 499, 500, 502, 512, 513, 514, 519, 520, 529, 530, 531, 540, 541, 542, 547, 548, 557, 558, 559, 568, 569, 570, 575, 576, 586, 587, 588, 598, 599, 600, 605, 606, 615, 616, 617, 626, 627, 628, 633, 634, 643, 644, 645, 654, 655, 656, 661, 662], "excluded_lines": [407, 418, 428, 440, 451, 462, 474, 486, 521, 549, 577, 607, 635, 663], "executed_branches": [], "missing_branches": [[32, 33], [32, 34], [109, 110], [109, 123], [162, 163], [162, 181], [165, 166], [165, 176], [188, 189], [188, 192], [208, 209], [208, 220], [223, 224], [223, 239], [253, 254], [253, 257], [284, 285], [284, 296], [339, 340], [339, 352], [354, 355], [354, 357], [357, 358], [357, 360], [360, 361], [360, 363], [363, 364], [363, 367], [391, 392], [391, 393], [500, 502], [500, 512], [530, 531], [530, 540], [558, 559], [558, 568], [587, 588], [587, 598], [616, 617], [616, 626], [644, 645], [644, 654]], "functions": {"_get_radar_client": {"executed_lines": [], "summary": {"covered_lines": 0, "num_statements": 3, "percent_covered": 0.0, "percent_covered_display": "0", "missing_lines": 3, "excluded_lines": 0, "percent_statements_covered": 0.0, "percent_statements_covered_display": "0", "num_branches": 2, "num_partial_branches": 0, "covered_branches": 0, "missing_branches": 2, "percent_branches_covered": 0.0, "percent_branches_covered_display": "0"}, "missing_lines": [32, 33, 34], "excluded_lines": [], "start_line": 30, "executed_branches": [], "missing_branches": [[32, 33], [32, 34]]}, "get_price": {"executed_lines": [], "summary": {"covered_lines": 0, "num_statements": 7, "percent_covered": 0.0, "percent_covered_display": "0", "missing_lines": 7, "excluded_lines": 0, "percent_statements_covered": 0.0, "percent_statements_covered_display": "0", "num_branches": 2, "num_partial_branches": 0, "covered_branches": 0, "missing_branches": 2, "percent_branches_covered": 0.0, "percent_branches_covered_display": "0"}, "missing_lines": [109, 110, 111, 123, 141, 142, 144], "excluded_lines": [], "start_line": 104, "executed_branches": [], "missing_branches": [[109, 110], [109, 123]]}, "get_all_prices": {"executed_lines": [], "summary": {"covered_lines": 0, "num_statements": 12, "percent_covered": 0.0, "percent_covered_display": "0", "missing_lines": 12, "excluded_lines": 0, "percent_statements_covered": 0.0, "percent_statements_covered_display": "0", "num_branches": 6, "num_partial_branches": 0, "covered_branches": 0, "missing_branches": 6, "percent_branches_covered": 0.0, "percent_branches_covered_display": "0"}, "missing_lines": [162, 163, 164, 165, 166, 176, 181, 186, 188, 189, 190, 192], "excluded_lines": [], "start_line": 157, "executed_branches": [], "missing_branches": [[162, 163], [162, 181], [165, 166], [165, 176], [188, 189], [188, 192]]}, "get_candles": {"executed_lines": [], "summary": {"covered_lines": 0, "num_statements": 13, "percent_covered": 0.0, "percent_covered_display": "0", "missing_lines": 13, "excluded_lines": 0, "percent_statements_covered": 0.0, "percent_statements_covered_display": "0", "num_branches": 4, "num_partial_branches": 0, "covered_branches": 0, "missing_branches": 4, "percent_branches_covered": 0.0, "percent_branches_covered_display": "0"}, "missing_lines": [208, 209, 210, 220, 221, 223, 224, 225, 226, 227, 228, 230, 239], "excluded_lines": [], "start_line": 199, "executed_branches": [], "missing_branches": [[208, 209], [208, 220], [223, 224], [223, 239]]}, "get_orderbook": {"executed_lines": [], "summary": {"covered_lines": 0, "num_statements": 7, "percent_covered": 0.0, "percent_covered_display": "0", "missing_lines": 7, "excluded_lines": 0, "percent_statements_covered": 0.0, "percent_statements_covered_display": "0", "num_branches": 2, "num_partial_branches": 0, "covered_branches": 0, "missing_branches": 2, "percent_branches_covered": 0.0, "percent_branches_covered_display": "0"}, "missing_lines": [247, 250, 251, 253, 254, 255, 257], "excluded_lines": [], "start_line": 243, "executed_branches": [], "missing_branches": [[253, 254], [253, 257]]}, "get_24h_ticker": {"executed_lines": [], "summary": {"covered_lines": 0, "num_statements": 1, "percent_covered": 0.0, "percent_covered_display": "0", "missing_lines": 1, "excluded_lines": 0, "percent_statements_covered": 0.0, "percent_statements_covered_display": "0", "num_branches": 0, "num_partial_branches": 0, "covered_branches": 0, "missing_branches": 0, "percent_branches_covered": 100.0, "percent_branches_covered_display": "100"}, "missing_lines": [270], "excluded_lines": [], "start_line": 266, "executed_branches": [], "missing_branches": []}, "get_recent_trades": {"executed_lines": [], "summary": {"covered_lines": 0, "num_statements": 7, "percent_covered": 0.0, "percent_covered_display": "0", "missing_lines": 7, "excluded_lines": 0, "percent_statements_covered": 0.0, "percent_statements_covered_display": "0", "num_branches": 2, "num_partial_branches": 0, "covered_branches": 0, "missing_branches": 2, "percent_branches_covered": 0.0, "percent_branches_covered_display": "0"}, "missing_lines": [281, 283, 284, 285, 286, 288, 296], "excluded_lines": [], "start_line": 274, "executed_branches": [], "missing_branches": [[284, 285], [284, 296]]}, "get_funding_rate": {"executed_lines": [], "summary": {"covered_lines": 0, "num_statements": 1, "percent_covered": 0.0, "percent_covered_display": "0", "missing_lines": 1, "excluded_lines": 0, "percent_statements_covered": 0.0, "percent_statements_covered_display": "0", "num_branches": 0, "num_partial_branches": 0, "covered_branches": 0, "missing_branches": 0, "percent_branches_covered": 100.0, "percent_branches_covered_display": "100"}, "missing_lines": [304], "excluded_lines": [], "start_line": 300, "executed_branches": [], "missing_branches": []}, "get_index_price": {"executed_lines": [], "summary": {"covered_lines": 0, "num_statements": 2, "percent_covered": 0.0, "percent_covered_display": "0", "missing_lines": 2, "excluded_lines": 0, "percent_statements_covered": 0.0, "percent_statements_covered_display": "0", "num_branches": 0, "num_partial_branches": 0, "covered_branches": 0, "missing_branches": 0, "percent_branches_covered": 100.0, "percent_branches_covered_display": "100"}, "missing_lines": [317, 319], "excluded_lines": [], "start_line": 313, "executed_branches": [], "missing_branches": []}, "get_market_sentiment": {"executed_lines": [], "summary": {"covered_lines": 0, "num_statements": 19, "percent_covered": 0.0, "percent_covered_display": "0", "missing_lines": 19, "excluded_lines": 0, "percent_statements_covered": 0.0, "percent_statements_covered_display": "0", "num_branches": 10, "num_partial_branches": 0, "covered_branches": 0, "missing_branches": 10, "percent_branches_covered": 0.0, "percent_branches_covered_display": "0"}, "missing_lines": [339, 340, 341, 352, 354, 355, 356, 357, 358, 359, 360, 361, 362, 363, 364, 365, 367, 368, 370], "excluded_lines": [], "start_line": 328, "executed_branches": [], "missing_branches": [[339, 340], [339, 352], [354, 355], [354, 357], [357, 358], [357, 360], [360, 361], [360, 363], [363, 364], [363, 367]]}, "_get_cmc_client": {"executed_lines": [], "summary": {"covered_lines": 0, "num_statements": 9, "percent_covered": 0.0, "percent_covered_display": "0", "missing_lines": 9, "excluded_lines": 0, "percent_statements_covered": 0.0, "percent_statements_covered_display": "0", "num_branches": 2, "num_partial_branches": 0, "covered_branches": 0, "missing_branches": 2, "percent_branches_covered": 0.0, "percent_branches_covered_display": "0"}, "missing_lines": [388, 389, 390, 391, 392, 393, 394, 395, 396], "excluded_lines": [], "start_line": 386, "executed_branches": [], "missing_branches": [[391, 392], [391, 393]]}, "get_cmc_global_metrics": {"executed_lines": [], "summary": {"covered_lines": 0, "num_statements": 7, "percent_covered": 0.0, "percent_covered_display": "0", "missing_lines": 7, "excluded_lines": 2, "percent_statements_covered": 0.0, "percent_statements_covered_display": "0", "num_branches": 0, "num_partial_branches": 0, "covered_branches": 0, "missing_branches": 0, "percent_branches_covered": 100.0, "percent_branches_covered_display": "100"}, "missing_lines": [405, 406, 409, 410, 411, 416, 417], "excluded_lines": [407, 418], "start_line": 400, "executed_branches": [], "missing_branches": []}, "get_cmc_quote": {"executed_lines": [], "summary": {"covered_lines": 0, "num_statements": 7, "percent_covered": 0.0, "percent_covered_display": "0", "missing_lines": 7, "excluded_lines": 2, "percent_statements_covered": 0.0, "percent_statements_covered_display": "0", "num_branches": 0, "num_partial_branches": 0, "covered_branches": 0, "missing_branches": 0, "percent_branches_covered": 100.0, "percent_branches_covered_display": "100"}, "missing_lines": [426, 427, 430, 431, 432, 438, 439], "excluded_lines": [428, 440], "start_line": 422, "executed_branches": [], "missing_branches": []}, "get_cmc_market_sentiment": {"executed_lines": [], "summary": {"covered_lines": 0, "num_statements": 7, "percent_covered": 0.0, "percent_covered_display": "0", "missing_lines": 7, "excluded_lines": 2, "percent_statements_covered": 0.0, "percent_statements_covered_display": "0", "num_branches": 0, "num_partial_branches": 0, "covered_branches": 0, "missing_branches": 0, "percent_branches_covered": 100.0, "percent_branches_covered_display": "100"}, "missing_lines": [449, 450, 453, 454, 455, 460, 461], "excluded_lines": [451, 462], "start_line": 444, "executed_branches": [], "missing_branches": []}, "get_cmc_top_cryptos": {"executed_lines": [], "summary": {"covered_lines": 0, "num_statements": 7, "percent_covered": 0.0, "percent_covered_display": "0", "missing_lines": 7, "excluded_lines": 2, "percent_statements_covered": 0.0, "percent_statements_covered_display": "0", "num_branches": 0, "num_partial_branches": 0, "covered_branches": 0, "missing_branches": 0, "percent_branches_covered": 100.0, "percent_branches_covered_display": "100"}, "missing_lines": [472, 473, 476, 477, 478, 484, 485], "excluded_lines": [474, 486], "start_line": 466, "executed_branches": [], "missing_branches": []}, "get_radar_traffic": {"executed_lines": [], "summary": {"covered_lines": 0, "num_statements": 8, "percent_covered": 0.0, "percent_covered_display": "0", "missing_lines": 8, "excluded_lines": 1, "percent_statements_covered": 0.0, "percent_statements_covered_display": "0", "num_branches": 2, "num_partial_branches": 0, "covered_branches": 0, "missing_branches": 2, "percent_branches_covered": 0.0, "percent_branches_covered_display": "0"}, "missing_lines": [499, 500, 502, 512, 513, 514, 519, 520], "excluded_lines": [521], "start_line": 495, "executed_branches": [], "missing_branches": [[500, 502], [500, 512]]}, "get_radar_attacks": {"executed_lines": [], "summary": {"covered_lines": 0, "num_statements": 8, "percent_covered": 0.0, "percent_covered_display": "0", "missing_lines": 8, "excluded_lines": 1, "percent_statements_covered": 0.0, "percent_statements_covered_display": "0", "num_branches": 2, "num_partial_branches": 0, "covered_branches": 0, "missing_branches": 2, "percent_branches_covered": 0.0, "percent_branches_covered_display": "0"}, "missing_lines": [529, 530, 531, 540, 541, 542, 547, 548], "excluded_lines": [549], "start_line": 525, "executed_branches": [], "missing_branches": [[530, 531], [530, 540]]}, "get_radar_outages": {"executed_lines": [], "summary": {"covered_lines": 0, "num_statements": 8, "percent_covered": 0.0, "percent_covered_display": "0", "missing_lines": 8, "excluded_lines": 1, "percent_statements_covered": 0.0, "percent_statements_covered_display": "0", "num_branches": 2, "num_partial_branches": 0, "covered_branches": 0, "missing_branches": 2, "percent_branches_covered": 0.0, "percent_branches_covered_display": "0"}, "missing_lines": [557, 558, 559, 568, 569, 570, 575, 576], "excluded_lines": [577], "start_line": 553, "executed_branches": [], "missing_branches": [[558, 559], [558, 568]]}, "get_radar_sentiment": {"executed_lines": [], "summary": {"covered_lines": 0, "num_statements": 8, "percent_covered": 0.0, "percent_covered_display": "0", "missing_lines": 8, "excluded_lines": 1, "percent_statements_covered": 0.0, "percent_statements_covered_display": "0", "num_branches": 2, "num_partial_branches": 0, "covered_branches": 0, "missing_branches": 2, "percent_branches_covered": 0.0, "percent_branches_covered_display": "0"}, "missing_lines": [586, 587, 588, 598, 599, 600, 605, 606], "excluded_lines": [607], "start_line": 581, "executed_branches": [], "missing_branches": [[587, 588], [587, 598]]}, "get_radar_connectivity": {"executed_lines": [], "summary": {"covered_lines": 0, "num_statements": 8, "percent_covered": 0.0, "percent_covered_display": "0", "missing_lines": 8, "excluded_lines": 1, "percent_statements_covered": 0.0, "percent_statements_covered_display": "0", "num_branches": 2, "num_partial_branches": 0, "covered_branches": 0, "missing_branches": 2, "percent_branches_covered": 0.0, "percent_branches_covered_display": "0"}, "missing_lines": [615, 616, 617, 626, 627, 628, 633, 634], "excluded_lines": [635], "start_line": 611, "executed_branches": [], "missing_branches": [[616, 617], [616, 626]]}, "get_radar_dns": {"executed_lines": [], "summary": {"covered_lines": 0, "num_statements": 8, "percent_covered": 0.0, "percent_covered_display": "0", "missing_lines": 8, "excluded_lines": 1, "percent_statements_covered": 0.0, "percent_statements_covered_display": "0", "num_branches": 2, "num_partial_branches": 0, "covered_branches": 0, "missing_branches": 2, "percent_branches_covered": 0.0, "percent_branches_covered_display": "0"}, "missing_lines": [643, 644, 645, 654, 655, 656, 661, 662], "excluded_lines": [663], "start_line": 639, "executed_branches": [], "missing_branches": [[644, 645], [644, 654]]}, "": {"executed_lines": [7, 8, 9, 10, 11, 13, 14, 16, 24, 27, 28, 29, 30, 41, 44, 51, 63, 73, 81, 87, 89, 90, 91, 92, 93, 103, 104, 156, 157, 198, 199, 242, 243, 265, 266, 273, 274, 299, 300, 312, 313, 327, 328, 386, 399, 400, 421, 422, 443, 444, 465, 466, 494, 495, 524, 525, 552, 553, 580, 581, 610, 611, 638, 639], "summary": {"covered_lines": 64, "num_statements": 68, "percent_covered": 94.11764705882354, "percent_covered_display": "94", "missing_lines": 4, "excluded_lines": 0, "percent_statements_covered": 94.11764705882354, "percent_statements_covered_display": "94", "num_branches": 0, "num_partial_branches": 0, "covered_branches": 0, "missing_branches": 0, "percent_branches_covered": 100.0, "percent_branches_covered_display": "100"}, "missing_lines": [35, 36, 37, 38], "excluded_lines": [], "start_line": 1, "executed_branches": [], "missing_branches": []}}, "classes": {"PriceData": {"executed_lines": [], "summary": {"covered_lines": 0, "num_statements": 0, "percent_covered": 100.0, "percent_covered_display": "100", "missing_lines": 0, "excluded_lines": 0, "percent_statements_covered": 100.0, "percent_statements_covered_display": "100", "num_branches": 0, "num_partial_branches": 0, "covered_branches": 0, "missing_branches": 0, "percent_branches_covered": 100.0, "percent_branches_covered_display": "100"}, "missing_lines": [], "excluded_lines": [], "start_line": 51, "executed_branches": [], "missing_branches": []}, "CandleData": {"executed_lines": [], "summary": {"covered_lines": 0, "num_statements": 0, "percent_covered": 100.0, "percent_covered_display": "100", "missing_lines": 0, "excluded_lines": 0, "percent_statements_covered": 100.0, "percent_statements_covered_display": "100", "num_branches": 0, "num_partial_branches": 0, "covered_branches": 0, "missing_branches": 0, "percent_branches_covered": 100.0, "percent_branches_covered_display": "100"}, "missing_lines": [], "excluded_lines": [], "start_line": 63, "executed_branches": [], "missing_branches": []}, "OrderBook": {"executed_lines": [], "summary": {"covered_lines": 0, "num_statements": 0, "percent_covered": 100.0, "percent_covered_display": "100", "missing_lines": 0, "excluded_lines": 0, "percent_statements_covered": 100.0, "percent_statements_covered_display": "100", "num_branches": 0, "num_partial_branches": 0, "covered_branches": 0, "missing_branches": 0, "percent_branches_covered": 100.0, "percent_branches_covered_display": "100"}, "missing_lines": [], "excluded_lines": [], "start_line": 73, "executed_branches": [], "missing_branches": []}, "MarketOverview": {"executed_lines": [], "summary": {"covered_lines": 0, "num_statements": 0, "percent_covered": 100.0, "percent_covered_display": "100", "missing_lines": 0, "excluded_lines": 0, "percent_statements_covered": 100.0, "percent_statements_covered_display": "100", "num_branches": 0, "num_partial_branches": 0, "covered_branches": 0, "missing_branches": 0, "percent_branches_covered": 100.0, "percent_branches_covered_display": "100"}, "missing_lines": [], "excluded_lines": [], "start_line": 81, "executed_branches": [], "missing_branches": []}, "MarketSentiment": {"executed_lines": [], "summary": {"covered_lines": 0, "num_statements": 0, "percent_covered": 100.0, "percent_covered_display": "100", "missing_lines": 0, "excluded_lines": 0, "percent_statements_covered": 100.0, "percent_statements_covered_display": "100", "num_branches": 0, "num_partial_branches": 0, "covered_branches": 0, "missing_branches": 0, "percent_branches_covered": 100.0, "percent_branches_covered_display": "100"}, "missing_lines": [], "excluded_lines": [], "start_line": 87, "executed_branches": [], "missing_branches": []}, "": {"executed_lines": [7, 8, 9, 10, 11, 13, 14, 16, 24, 27, 28, 29, 30, 41, 44, 51, 63, 73, 81, 87, 89, 90, 91, 92, 93, 103, 104, 156, 157, 198, 199, 242, 243, 265, 266, 273, 274, 299, 300, 312, 313, 327, 328, 386, 399, 400, 421, 422, 443, 444, 465, 466, 494, 495, 524, 525, 552, 553, 580, 581, 610, 611, 638, 639], "summary": {"covered_lines": 64, "num_statements": 225, "percent_covered": 23.970037453183522, "percent_covered_display": "24", "missing_lines": 161, "excluded_lines": 14, "percent_statements_covered": 28.444444444444443, "percent_statements_covered_display": "28", "num_branches": 42, "num_partial_branches": 0, "covered_branches": 0, "missing_branches": 42, "percent_branches_covered": 0.0, "percent_branches_covered_display": "0"}, "missing_lines": [32, 33, 34, 35, 36, 37, 38, 109, 110, 111, 123, 141, 142, 144, 162, 163, 164, 165, 166, 176, 181, 186, 188, 189, 190, 192, 208, 209, 210, 220, 221, 223, 224, 225, 226, 227, 228, 230, 239, 247, 250, 251, 253, 254, 255, 257, 270, 281, 283, 284, 285, 286, 288, 296, 304, 317, 319, 339, 340, 341, 352, 354, 355, 356, 357, 358, 359, 360, 361, 362, 363, 364, 365, 367, 368, 370, 388, 389, 390, 391, 392, 393, 394, 395, 396, 405, 406, 409, 410, 411, 416, 417, 426, 427, 430, 431, 432, 438, 439, 449, 450, 453, 454, 455, 460, 461, 472, 473, 476, 477, 478, 484, 485, 499, 500, 502, 512, 513, 514, 519, 520, 529, 530, 531, 540, 541, 542, 547, 548, 557, 558, 559, 568, 569, 570, 575, 576, 586, 587, 588, 598, 599, 600, 605, 606, 615, 616, 617, 626, 627, 628, 633, 634, 643, 644, 645, 654, 655, 656, 661, 662], "excluded_lines": [407, 418, 428, 440, 451, 462, 474, 486, 521, 549, 577, 607, 635, 663], "start_line": 1, "executed_branches": [], "missing_branches": [[32, 33], [32, 34], [109, 110], [109, 123], [162, 163], [162, 181], [165, 166], [165, 176], [188, 189], [188, 192], [208, 209], [208, 220], [223, 224], [223, 239], [253, 254], [253, 257], [284, 285], [284, 296], [339, 340], [339, 352], [354, 355], [354, 357], [357, 358], [357, 360], [360, 361], [360, 363], [363, 364], [363, 367], [391, 392], [391, 393], [500, 502], [500, 512], [530, 531], [530, 540], [558, 559], [558, 568], [587, 588], [587, 598], [616, 617], [616, 626], [644, 645], [644, 654]]}}}, "app\\api\\routes\\news.py": {"executed_lines": [7, 8, 10, 11, 13, 16, 18, 25, 27, 28, 29, 30, 31, 32, 33, 34, 35, 36, 39, 46, 58, 59, 107, 108, 145, 146], "summary": {"covered_lines": 26, "num_statements": 61, "percent_covered": 34.666666666666664, "percent_covered_display": "35", "missing_lines": 35, "excluded_lines": 0, "percent_statements_covered": 42.622950819672134, "percent_statements_covered_display": "43", "num_branches": 14, "num_partial_branches": 0, "covered_branches": 0, "missing_branches": 14, "percent_branches_covered": 0.0, "percent_branches_covered_display": "0"}, "missing_lines": [73, 74, 77, 78, 79, 82, 83, 84, 87, 89, 97, 98, 100, 119, 122, 123, 124, 126, 134, 135, 137, 153, 154, 157, 158, 159, 160, 163, 166, 167, 168, 169, 171, 173, 191], "excluded_lines": [], "executed_branches": [], "missing_branches": [[73, 74], [73, 97], [77, 78], [77, 82], [82, 83], [82, 87], [122, 123], [122, 134], [153, 154], [153, 191], [166, 167], [166, 168], [168, 169], [168, 171]], "functions": {"get_news": {"executed_lines": [], "summary": {"covered_lines": 0, "num_statements": 13, "percent_covered": 0.0, "percent_covered_display": "0", "missing_lines": 13, "excluded_lines": 0, "percent_statements_covered": 0.0, "percent_statements_covered_display": "0", "num_branches": 6, "num_partial_branches": 0, "covered_branches": 0, "missing_branches": 6, "percent_branches_covered": 0.0, "percent_branches_covered_display": "0"}, "missing_lines": [73, 74, 77, 78, 79, 82, 83, 84, 87, 89, 97, 98, 100], "excluded_lines": [], "start_line": 59, "executed_branches": [], "missing_branches": [[73, 74], [73, 97], [77, 78], [77, 82], [82, 83], [82, 87]]}, "get_news_by_symbol": {"executed_lines": [], "summary": {"covered_lines": 0, "num_statements": 8, "percent_covered": 0.0, "percent_covered_display": "0", "missing_lines": 8, "excluded_lines": 0, "percent_statements_covered": 0.0, "percent_statements_covered_display": "0", "num_branches": 2, "num_partial_branches": 0, "covered_branches": 0, "missing_branches": 2, "percent_branches_covered": 0.0, "percent_branches_covered_display": "0"}, "missing_lines": [119, 122, 123, 124, 126, 134, 135, 137], "excluded_lines": [], "start_line": 108, "executed_branches": [], "missing_branches": [[122, 123], [122, 134]]}, "get_sentiment_overview": {"executed_lines": [], "summary": {"covered_lines": 0, "num_statements": 14, "percent_covered": 0.0, "percent_covered_display": "0", "missing_lines": 14, "excluded_lines": 0, "percent_statements_covered": 0.0, "percent_statements_covered_display": "0", "num_branches": 6, "num_partial_branches": 0, "covered_branches": 0, "missing_branches": 6, "percent_branches_covered": 0.0, "percent_branches_covered_display": "0"}, "missing_lines": [153, 154, 157, 158, 159, 160, 163, 166, 167, 168, 169, 171, 173, 191], "excluded_lines": [], "start_line": 146, "executed_branches": [], "missing_branches": [[153, 154], [153, 191], [166, 167], [166, 168], [168, 169], [168, 171]]}, "": {"executed_lines": [7, 8, 10, 11, 13, 16, 18, 25, 27, 28, 29, 30, 31, 32, 33, 34, 35, 36, 39, 46, 58, 59, 107, 108, 145, 146], "summary": {"covered_lines": 26, "num_statements": 26, "percent_covered": 100.0, "percent_covered_display": "100", "missing_lines": 0, "excluded_lines": 0, "percent_statements_covered": 100.0, "percent_statements_covered_display": "100", "num_branches": 0, "num_partial_branches": 0, "covered_branches": 0, "missing_branches": 0, "percent_branches_covered": 100.0, "percent_branches_covered_display": "100"}, "missing_lines": [], "excluded_lines": [], "start_line": 1, "executed_branches": [], "missing_branches": []}}, "classes": {"NewsItem": {"executed_lines": [], "summary": {"covered_lines": 0, "num_statements": 0, "percent_covered": 100.0, "percent_covered_display": "100", "missing_lines": 0, "excluded_lines": 0, "percent_statements_covered": 100.0, "percent_statements_covered_display": "100", "num_branches": 0, "num_partial_branches": 0, "covered_branches": 0, "missing_branches": 0, "percent_branches_covered": 100.0, "percent_branches_covered_display": "100"}, "missing_lines": [], "excluded_lines": [], "start_line": 25, "executed_branches": [], "missing_branches": []}, "NewsListResponse": {"executed_lines": [], "summary": {"covered_lines": 0, "num_statements": 0, "percent_covered": 100.0, "percent_covered_display": "100", "missing_lines": 0, "excluded_lines": 0, "percent_statements_covered": 100.0, "percent_statements_covered_display": "100", "num_branches": 0, "num_partial_branches": 0, "covered_branches": 0, "missing_branches": 0, "percent_branches_covered": 100.0, "percent_branches_covered_display": "100"}, "missing_lines": [], "excluded_lines": [], "start_line": 39, "executed_branches": [], "missing_branches": []}, "NewsBySymbolResponse": {"executed_lines": [], "summary": {"covered_lines": 0, "num_statements": 0, "percent_covered": 100.0, "percent_covered_display": "100", "missing_lines": 0, "excluded_lines": 0, "percent_statements_covered": 100.0, "percent_statements_covered_display": "100", "num_branches": 0, "num_partial_branches": 0, "covered_branches": 0, "missing_branches": 0, "percent_branches_covered": 100.0, "percent_branches_covered_display": "100"}, "missing_lines": [], "excluded_lines": [], "start_line": 46, "executed_branches": [], "missing_branches": []}, "": {"executed_lines": [7, 8, 10, 11, 13, 16, 18, 25, 27, 28, 29, 30, 31, 32, 33, 34, 35, 36, 39, 46, 58, 59, 107, 108, 145, 146], "summary": {"covered_lines": 26, "num_statements": 61, "percent_covered": 34.666666666666664, "percent_covered_display": "35", "missing_lines": 35, "excluded_lines": 0, "percent_statements_covered": 42.622950819672134, "percent_statements_covered_display": "43", "num_branches": 14, "num_partial_branches": 0, "covered_branches": 0, "missing_branches": 14, "percent_branches_covered": 0.0, "percent_branches_covered_display": "0"}, "missing_lines": [73, 74, 77, 78, 79, 82, 83, 84, 87, 89, 97, 98, 100, 119, 122, 123, 124, 126, 134, 135, 137, 153, 154, 157, 158, 159, 160, 163, 166, 167, 168, 169, 171, 173, 191], "excluded_lines": [], "start_line": 1, "executed_branches": [], "missing_branches": [[73, 74], [73, 97], [77, 78], [77, 82], [82, 83], [82, 87], [122, 123], [122, 134], [153, 154], [153, 191], [166, 167], [166, 168], [168, 169], [168, 171]]}}}, "app\\api\\routes\\orders.py": {"executed_lines": [7, 8, 9, 10, 12, 14, 15, 16, 19, 21, 24, 31, 33, 34, 35, 36, 37, 38, 39, 40, 41, 44, 46, 54, 55, 56, 59, 61, 64, 66, 67, 68, 71, 73, 74, 75, 78, 91, 94, 97, 104, 105, 208, 222, 223, 342, 343, 481, 482, 529, 530, 595, 596, 642, 643, 714, 715, 767, 768, 794, 795], "summary": {"covered_lines": 61, "num_statements": 294, "percent_covered": 14.663461538461538, "percent_covered_display": "15", "missing_lines": 233, "excluded_lines": 16, "percent_statements_covered": 20.74829931972789, "percent_statements_covered_display": "21", "num_branches": 122, "num_partial_branches": 0, "covered_branches": 0, "missing_branches": 122, "percent_branches_covered": 0.0, "percent_branches_covered_display": "0"}, "missing_lines": [112, 118, 119, 122, 124, 143, 145, 148, 164, 167, 168, 169, 171, 172, 174, 175, 186, 189, 190, 191, 192, 193, 195, 197, 199, 200, 201, 202, 203, 205, 210, 213, 214, 216, 218, 219, 233, 234, 235, 237, 238, 239, 241, 243, 244, 245, 247, 249, 250, 251, 253, 256, 257, 258, 277, 278, 279, 280, 283, 284, 285, 286, 288, 289, 292, 294, 298, 299, 301, 302, 304, 307, 308, 309, 310, 329, 330, 331, 332, 335, 337, 357, 358, 359, 361, 362, 363, 365, 367, 368, 369, 371, 373, 374, 375, 377, 380, 381, 383, 385, 386, 388, 389, 391, 408, 411, 412, 415, 417, 420, 421, 423, 424, 426, 429, 430, 431, 433, 435, 436, 438, 439, 441, 458, 461, 462, 463, 464, 467, 468, 469, 470, 473, 476, 478, 488, 489, 490, 493, 494, 495, 496, 520, 526, 537, 538, 544, 547, 554, 555, 556, 557, 558, 559, 561, 562, 564, 567, 573, 576, 583, 584, 585, 586, 587, 588, 590, 592, 601, 602, 608, 611, 617, 618, 619, 620, 623, 629, 632, 638, 639, 650, 657, 658, 664, 666, 668, 670, 677, 678, 679, 680, 681, 683, 686, 692, 694, 696, 698, 706, 707, 708, 709, 711, 726, 727, 730, 733, 734, 735, 736, 737, 738, 739, 740, 742, 743, 744, 745, 746, 747, 750, 753, 755, 756, 758, 776, 777, 779, 780, 781, 787, 799], "excluded_lines": [113, 514, 521, 539, 548, 568, 577, 603, 612, 624, 633, 651, 659, 671, 687, 699], "executed_branches": [], "missing_branches": [[122, 124], [122, 148], [174, 175], [174, 199], [213, 214], [213, 216], [237, 238], [237, 243], [238, 239], [238, 241], [243, 244], [243, 249], [244, 245], [244, 247], [249, 250], [249, 256], [250, 251], [250, 253], [256, 257], [256, 298], [277, 278], [277, 283], [278, 277], [278, 279], [279, 277], [279, 280], [283, 284], [283, 288], [284, 283], [284, 285], [285, 283], [285, 286], [288, 289], [288, 292], [301, 302], [301, 304], [307, 308], [307, 329], [329, 330], [329, 331], [331, 332], [331, 335], [361, 362], [361, 367], [362, 363], [362, 365], [367, 368], [367, 373], [368, 369], [368, 371], [373, 374], [373, 380], [374, 375], [374, 377], [38
[...]
, 61, 195], "summary": {"covered_lines": 11, "num_statements": 11, "percent_covered": 100.0, "percent_covered_display": "100", "missing_lines": 0, "excluded_lines": 0, "percent_statements_covered": 100.0, "percent_statements_covered_display": "100", "num_branches": 0, "num_partial_branches": 0, "covered_branches": 0, "missing_branches": 0, "percent_branches_covered": 100.0, "percent_branches_covered_display": "100"}, "missing_lines": [], "excluded_lines": [], "start_line": 1, "executed_branches": [], "missing_branches": []}}, "classes": {"MeanReversionStrategy": {"executed_lines": [42, 45, 46, 47, 48, 49, 52, 71, 72, 197], "summary": {"covered_lines": 10, "num_statements": 58, "percent_covered": 13.75, "percent_covered_display": "14", "missing_lines": 48, "excluded_lines": 0, "percent_statements_covered": 17.24137931034483, "percent_statements_covered_display": "17", "num_branches": 22, "num_partial_branches": 1, "covered_branches": 1, "missing_branches": 21, "percent_branches_covered": 4.545454545454546, "percent_branches_covered_display": "5"}, "missing_lines": [56, 57, 58, 59, 75, 78, 79, 82, 83, 84, 87, 88, 91, 92, 94, 95, 98, 99, 102, 104, 107, 108, 110, 112, 113, 114, 116, 132, 134, 137, 138, 140, 142, 143, 144, 146, 162, 164, 172, 174, 176, 184, 186, 187, 188, 190, 191, 193], "excluded_lines": [], "start_line": 22, "executed_branches": [[71, 72]], "missing_branches": [[71, 75], [87, 88], [87, 91], [94, 95], [94, 98], [102, 104], [102, 132], [107, 108], [107, 110], [132, 134], [132, 162], [137, 138], [137, 140], [162, 164], [162, 174], [174, 176], [174, 186], [186, 187], [186, 193], [190, 191], [190, 193]]}, "": {"executed_lines": [7, 8, 10, 11, 13, 19, 22, 40, 54, 61, 195], "summary": {"covered_lines": 11, "num_statements": 11, "percent_covered": 100.0, "percent_covered_display": "100", "missing_lines": 0, "excluded_lines": 0, "percent_statements_covered": 100.0, "percent_statements_covered_display": "100", "num_branches": 0, "num_partial_branches": 0, "covered_branches": 0, "missing_branches": 0, "percent_branches_covered": 100.0, "percent_branches_covered_display": "100"}, "missing_lines": [], "excluded_lines": [], "start_line": 1, "executed_branches": [], "missing_branches": []}}}, "app\\strategies\\momentum.py": {"executed_lines": [7, 8, 10, 11, 13, 19, 22, 40, 42, 45, 46, 47, 48, 49, 50, 53, 55, 65, 66, 69, 72, 73, 76, 77, 78, 79, 80, 81, 82, 83, 86, 90, 91, 94, 121, 148, 159, 170, 177, 179, 181], "summary": {"covered_lines": 41, "num_statements": 62, "percent_covered": 62.82051282051282, "percent_covered_display": "63", "missing_lines": 21, "excluded_lines": 0, "percent_statements_covered": 66.12903225806451, "percent_statements_covered_display": "66", "num_branches": 16, "num_partial_branches": 6, "covered_branches": 8, "missing_branches": 8, "percent_branches_covered": 50.0, "percent_branches_covered_display": "50"}, "missing_lines": [87, 97, 98, 100, 101, 102, 104, 124, 125, 127, 128, 129, 131, 149, 157, 160, 168, 171, 172, 174, 175], "excluded_lines": [], "executed_branches": [[65, 66], [65, 69], [86, 90], [94, 121], [121, 148], [148, 159], [159, 170], [170, 177]], "missing_branches": [[86, 87], [94, 97], [121, 124], [148, 149], [159, 160], [170, 171], [174, 175], [174, 177]], "functions": {"MomentumStrategy.__init__": {"executed_lines": [42, 45, 46, 47, 48, 49, 50, 53], "summary": {"covered_lines": 8, "num_statements": 8, "percent_covered": 100.0, "percent_covered_display": "100", "missing_lines": 0, "excluded_lines": 0, "percent_statements_covered": 100.0, "percent_statements_covered_display": "100", "num_branches": 0, "num_partial_branches": 0, "covered_branches": 0, "missing_branches": 0, "percent_branches_covered": 100.0, "percent_branches_covered_display": "100"}, "missing_lines": [], "excluded_lines": [], "start_line": 40, "executed_branches": [], "missing_branches": []}, "MomentumStrategy.generate_signal": {"executed_lines": [65, 66, 69, 72, 73, 76, 77, 78, 79, 80, 81, 82, 83, 86, 90, 91, 94, 121, 148, 159, 170, 177], "summary": {"covered_lines": 22, "num_statements": 43, "percent_covered": 50.847457627118644, "percent_covered_display": "51", "missing_lines": 21, "excluded_lines": 0, "percent_statements_covered": 51.16279069767442, "percent_statements_covered_display": "51", "num_branches": 16, "num_partial_branches": 6, "covered_branches": 8, "missing_branches": 8, "percent_branches_covered": 50.0, "percent_branches_covered_display": "50"}, "missing_lines": [87, 97, 98, 100, 101, 102, 104, 124, 125, 127, 128, 129, 131, 149, 157, 160, 168, 171, 172, 174, 175], "excluded_lines": [], "start_line": 55, "executed_branches": [[65, 66], [65, 69], [86, 90], [94, 121], [121, 148], [148, 159], [159, 170], [170, 177]], "missing_branches": [[86, 87], [94, 97], [121, 124], [148, 149], [159, 160], [170, 171], [174, 175], [174, 177]]}, "MomentumStrategy.get_parameters": {"executed_lines": [181], "summary": {"covered_lines": 1, "num_statements": 1, "percent_covered": 100.0, "percent_covered_display": "100", "missing_lines": 0, "excluded_lines": 0, "percent_statements_covered": 100.0, "percent_statements_covered_display": "100", "num_branches": 0, "num_partial_branches": 0, "covered_branches": 0, "missing_branches": 0, "percent_branches_covered": 100.0, "percent_branches_covered_display": "100"}, "missing_lines": [], "excluded_lines": [], "start_line": 179, "executed_branches": [], "missing_branches": []}, "": {"executed_lines": [7, 8, 10, 11, 13, 19, 22, 40, 55, 179], "summary": {"covered_lines": 10, "num_statements": 10, "percent_covered": 100.0, "percent_covered_display": "100", "missing_lines": 0, "excluded_lines": 0, "percent_statements_covered": 100.0, "percent_statements_covered_display": "100", "num_branches": 0, "num_partial_branches": 0, "covered_branches": 0, "missing_branches": 0, "percent_branches_covered": 100.0, "percent_branches_covered_display": "100"}, "missing_lines": [], "excluded_lines": [], "start_line": 1, "executed_branches": [], "missing_branches": []}}, "classes": {"MomentumStrategy": {"executed_lines": [42, 45, 46, 47, 48, 49, 50, 53, 65, 66, 69, 72, 73, 76, 77, 78, 79, 80, 81, 82, 83, 86, 90, 91, 94, 121, 148, 159, 170, 177, 181], "summary": {"covered_lines": 31, "num_statements": 52, "percent_covered": 57.35294117647059, "percent_covered_display": "57", "missing_lines": 21, "excluded_lines": 0, "percent_statements_covered": 59.61538461538461, "percent_statements_covered_display": "60", "num_branches": 16, "num_partial_branches": 6, "covered_branches": 8, "missing_branches": 8, "percent_branches_covered": 50.0, "percent_branches_covered_display": "50"}, "missing_lines": [87, 97, 98, 100, 101, 102, 104, 124, 125, 127, 128, 129, 131, 149, 157, 160, 168, 171, 172, 174, 175], "excluded_lines": [], "start_line": 22, "executed_branches": [[65, 66], [65, 69], [86, 90], [94, 121], [121, 148], [148, 159], [159, 170], [170, 177]], "missing_branches": [[86, 87], [94, 97], [121, 124], [148, 149], [159, 160], [170, 171], [174, 175], [174, 177]]}, "": {"executed_lines": [7, 8, 10, 11, 13, 19, 22, 40, 55, 179], "summary": {"covered_lines": 10, "num_statements": 10, "percent_covered": 100.0, "percent_covered_display": "100", "missing_lines": 0, "excluded_lines": 0, "percent_statements_covered": 100.0, "percent_statements_covered_display": "100", "num_branches": 0, "num_partial_branches": 0, "covered_branches": 0, "missing_branches": 0, "percent_branches_covered": 100.0, "percent_branches_covered_display": "100"}, "missing_lines": [], "excluded_lines": [], "start_line": 1, "executed_branches": [], "missing_branches": []}}}, "app\\strategies\\multi_strategy.py": {"executed_lines": [7, 8, 9, 11, 13, 16, 17, 20, 23, 24, 28, 31, 38, 40, 41, 42, 45, 47, 49, 52, 64, 67, 78, 80, 92, 93, 95, 96, 98, 100, 107, 114, 120, 155, 249, 265, 277, 281, 290], "summary": {"covered_lines": 39, "num_statements": 93, "percent_covered": 33.61344537815126, "percent_covered_display": "34", "missing_lines": 54, "excluded_lines": 0, "percent_statements_covered": 41.935483870967744, "percent_statements_covered_display": "42", "num_branches": 26, "num_partial_branches": 1, "covered_branches": 1, "missing_branches": 25, "percent_branches_covered": 3.8461538461538463, "percent_branches_covered_display": "4"}, "missing_lines": [102, 103, 104, 105, 109, 110, 111, 112, 116, 117, 118, 133, 135, 136, 138, 139, 140, 142, 143, 148, 150, 151, 153, 168, 169, 172, 177, 179, 180, 181, 182, 185, 186, 192, 197, 203, 204, 205, 206, 208, 211, 216, 219, 224, 227, 232, 234, 262, 263, 267, 279, 283, 284, 286], "excluded_lines": [], "executed_branches": [[95, 96]], "missing_branches": [[95, 98], [102, -100], [102, 103], [109, -107], [109, 110], [116, -114], [116, 117], [135, 136], [135, 153], [138, 135], [138, 139], [142, 135], [142, 143], [168, 169], [168, 172], [177, 179], [177, 185], [180, 181], [180, 182], [203, 204], [203, 205], [205, 206], [205, 208], [283, 284], [283, 286]], "functions": {"MultiStrategyManager.__init__": {"executed_lines": [40, 41, 42, 45, 47], "summary": {"covered_lines": 5, "num_statements": 5, "percent_covered": 100.0, "percent_covered_display": "100", "missing_lines": 0, "excluded_lines": 0, "percent_statements_covered": 100.0, "percent_statements_covered_display": "100", "num_branches": 0, "num_partial_branches": 0, "covered_branches": 0, "missing_branches": 0, "percent_branches_covered": 100.0, "percent_branches_covered_display": "100"}, "missing_lines": [], "excluded_lines": [], "start_line": 38, "executed_branches": [], "missing_branches": []}, "MultiStrategyManager._register_default_strategies": {"executed_lines": [52, 64, 67, 78], "summary": {"covered_lines": 4, "num_statements": 4, "percent_covered": 100.0, "percent_covered_display": "100", "missing_lines": 0, "excluded_lines": 0, "percent_statements_covered": 100.0, "percent_statements_covered_display": "100", "num_branches": 0, "num_partial_branches": 0, "covered_branches": 0, "missing_branches": 0, "percent_branches_covered": 100.0, "percent_branches_covered_display": "100"}, "missing_lines": [], "excluded_lines": [], "start_line": 49, "executed_branches": [], "missing_branches": []}, "MultiStrategyManager.register_strategy": {"executed_lines": [92, 93, 95, 96, 98], "summary": {"covered_lines": 5, "num_statements": 5, "percent_covered": 85.71428571428571, "percent_covered_display": "86", "missing_lines": 0, "excluded_lines": 0, "percent_statements_covered": 100.0, "percent_statements_covered_display": "100", "num_branches": 2, "num_partial_branches": 1, "covered_branches": 1, "missing_branches": 1, "percent_branches_covered": 50.0, "percent_branches_covered_display": "50"}, "missing_lines": [], "excluded_lines": [], "start_line": 80, "executed_branches": [[95, 96]], "missing_branches": [[95, 98]]}, "MultiStrategyManager.enable_strategy": {"executed_lines": [], "summary": {"covered_lines": 0, "num_statements": 4, "percent_covered": 0.0, "percent_covered_display": "0", "missing_lines": 4, "excluded_lines": 0, "percent_statements_covered": 0.0, "percent_statements_covered_display": "0", "num_branches": 2, "num_partial_branches": 0, "covered_branches": 0, "missing_branches": 2, "percent_branches_covered": 0.0, "percent_branches_covered_display": "0"}, "missing_lines": [102, 103, 104, 105], "excluded_lines": [], "start_line": 100, "executed_branches": [], "missing_branches": [[102, -100], [102, 103]]}, "MultiStrategyManager.disable_strategy": {"executed_lines": [], "summary": {"covered_lines": 0, "num_statements": 4, "percent_covered": 0.0, "percent_covered_display": "0", "missing_lines": 4, "excluded_lines": 0, "percent_statements_covered": 0.0, "percent_statements_covered_display": "0", "num_branches": 2, "num_partial_branches": 0, "covered_branches": 0, "missing_branches": 2, "percent_branches_covered": 0.0, "percent_branches_covered_display": "0"}, "missing_lines": [109, 110, 111, 112], "excluded_lines": [], "start_line": 107, "executed_branches": [], "missing_branches": [[109, -107], [109, 110]]}, "MultiStrategyManager.set_weight": {"executed_lines": [], "summary": {"covered_lines": 0, "num_statements": 3, "percent_covered": 0.0, "percent_covered_display": "0", "missing_lines": 3, "excluded_lines": 0, "percent_statements_covered": 0.0, "percent_statements_covered_display": "0", "num_branches": 2, "num_partial_branches": 0, "covered_branches": 0, "missing_branches": 2, "percent_branches_covered": 0.0, "percent_branches_covered_display": "0"}, "missing_lines": [116, 117, 118], "excluded_lines": [], "start_line": 114, "executed_branches": [], "missing_branches": [[116, -114], [116, 117]]}, "MultiStrategyManager.generate_signals": {"executed_lines": [], "summary": {"covered_lines": 0, "num_statements": 12, "percent_covered": 0.0, "percent_covered_display": "0", "missing_lines": 12, "excluded_lines": 0, "percent_statements_covered": 0.0, "percent_statements_covered_display": "0", "num_branches": 6, "num_partial_branches": 0, "covered_branches": 0, "missing_branches": 6, "percent_branches_covered": 0.0, "percent_branches_covered_display": "0"}, "missing_lines": [133, 135, 136, 138, 139, 140, 142, 143, 148, 150, 151, 153], "excluded_lines": [], "start_line": 120, "executed_branches": [], "missing_branches": [[135, 136], [135, 153], [138, 135], [138, 139], [142, 135], [142, 143]]}, "MultiStrategyManager.aggregate_signals": {"executed_lines": [], "summary": {"covered_lines": 0, "num_statements": 24, "percent_covered": 0.0, "percent_covered_display": "0", "missing_lines": 24, "excluded_lines": 0, "percent_statements_covered": 0.0, "percent_statements_covered_display": "0", "num_branches": 10, "num_partial_branches": 0, "covered_branches": 0, "missing_branches": 10, "percent_branches_covered": 0.0, "percent_branches_covered_display": "0"}, "missing_lines": [168, 169, 172, 177, 179, 180, 181, 182, 185, 186, 192, 197, 203, 204, 205, 206, 208, 211, 216, 219, 224, 227, 232, 234], "excluded_lines": [], "start_line": 155, "executed_branches": [], "missing_branches": [[168, 169], [168, 172], [177, 179], [177, 185], [180, 181], [180, 182], [203, 204], [203, 205], [205, 206], [205, 208]]}, "MultiStrategyManager.get_signals": {"executed_lines": [], "summary": {"covered_lines": 0, "num_statements": 2, "percent_covered": 0.0, "percent_covered_display": "0", "missing_lines": 2, "excluded_lines": 0, "percent_statements_covered": 0.0, "percent_statements_covered_display": "0", "num_branches": 0, "num_partial_branches": 0, "covered_branches": 0, "missing_branches": 0, "percent_branches_covered": 100.0, "percent_branches_covered_display": "100"}, "missing_lines": [262, 263], "excluded_lines": [], "start_line": 249, "executed_branches": [], "missing_branches": []}, "MultiStrategyManager.get_all_strategies": {"executed_lines": [], "summary": {"covered_lines": 0, "num_statements": 1, "percent_covered": 0.0, "percent_covered_display": "0", "missing_lines": 1, "excluded_lines": 0, "percent_statements_covered": 0.0, "percent_statements_covered_display": "0", "num_branches": 0, "num_partial_branches": 0, "covered_branches": 0, "missing_branches": 0, "percent_branches_covered": 100.0, "percent_branches_covered_display": "100"}, "missing_lines": [267], "excluded_lines": [], "start_line": 265, "executed_branches": [], "missing_branches": []}, "MultiStrategyManager.get_strategy": {"executed_lines": [], "summary": {"covered_lines": 0, "num_statements": 1, "percent_covered": 0.0, "percent_covered_display": "0", "missing_lines": 1, "excluded_lines": 0, "percent_statements_covered": 0.0, "percent_statements_covered_display": "0", "num_branches": 0, "num_partial_branches": 0, "covered_branches": 0, "missing_branches": 0, "percent_branches_covered": 100.0, "percent_branches_covered_display": "100"}, "missing_lines": [279], "excluded_lines": [], "start_line": 277, "executed_branches": [], "missing_branches": []}, "MultiStrategyManager.reset_all": {"executed_lines": [], "summary": {"covered_lines": 0, "num_statements": 3, "percent_covered": 0.0, "percent_covered_display": "0", "missing_lines": 3, "excluded_lines": 0, "percent_statements_covered": 0.0, "percent_statements_covered_display": "0", "num_branches": 2, "num_partial_branches": 0, "covered_branches": 0, "missing_branches": 2, "percent_branches_covered": 0.0, "percent_branches_covered_display": "0"}, "missing_lines": [283, 284, 286], "excluded_lines": [], "start_line": 281, "executed_branches": [], "missing_branches": [[283, 284], [283, 286]]}, "": {"executed_lines": [7, 8, 9, 11, 13, 16, 17, 20, 23, 24, 28, 31, 38, 49, 80, 100, 107, 114, 120, 155, 249, 265, 277, 281, 290], "summary": {"covered_lines": 25, "num_statements": 25, "percent_covered": 100.0, "percent_covered_display": "100", "missing_lines": 0, "excluded_lines": 0, "percent_statements_covered": 100.0, "percent_statements_covered_display": "100", "num_branches": 0, "num_partial_branches": 0, "covered_branches": 0, "missing_branches": 0, "percent_branches_covered": 100.0, "percent_branches_covered_display": "100"}, "missing_lines": [], "excluded_lines": [], "start_line": 1, "executed_branches": [], "missing_branches": []}}, "classes": {"StrategySignal": {"executed_lines": [], "summary": {"covered_lines": 0, "num_statements": 0, "percent_covered": 100.0, "percent_covered_display": "100", "missing_lines": 0, "excluded_lines": 0, "percent_statements_covered": 100.0, "percent_statements_covered_display": "100", "num_branches": 0, "num_partial_branches": 0, "covered_branches": 0, "missing_branches": 0, "percent_branches_covered": 100.0, "percent_branches_covered_display": "100"}, "missing_lines": [], "excluded_lines": [], "start_line": 24, "executed_branches": [], "missing_branches": []}, "MultiStrategyManager": {"executed_lines": [40, 41, 42, 45, 47, 52, 64, 67, 78, 92, 93, 95, 96, 98], "summary": {"covered_lines": 14, "num_statements": 68, "percent_covered": 15.957446808510639, "percent_covered_display": "16", "missing_lines": 54, "excluded_lines": 0, "percent_statements_covered": 20.58823529411765, "percent_statements_covered_display": "21", "num_branches": 26, "num_partial_branches": 1, "covered_branches": 1, "missing_branches": 25, "percent_branches_covered": 3.8461538461538463, "percent_branches_covered_display": "4"}, "missing_lines": [102, 103, 104, 105, 109, 110, 111, 112, 116, 117, 118, 133, 135, 136, 138, 139, 140, 142, 143, 148, 150, 151, 153, 168, 169, 172, 177, 179, 180, 181, 182, 185, 186, 192, 197, 203, 204, 205, 206, 208, 211, 216, 219, 224, 227, 232, 234, 262, 263, 267, 279, 283, 284, 286], "excluded_lines": [], "start_line": 31, "executed_branches": [[95, 96]], "missing_branches": [[95, 98], [102, -100], [102, 103], [109, -107], [109, 110], [116, -114], [116, 117], [135, 136], [135, 153], [138, 135], [138, 139], [142, 135], [142, 143], [168, 169], [168, 172], [177, 179], [177, 185], [180, 181], [180, 182], [203, 204], [203, 205], [205, 206], [205, 208], [283, 284], [283, 286]]}, "": {"executed_lines": [7, 8, 9, 11, 13, 16, 17, 20, 23, 24, 28, 31, 38, 49, 80, 100, 107, 114, 120, 155, 249, 265, 277, 281, 290], "summary": {"covered_lines": 25, "num_statements": 25, "percent_covered": 100.0, "percent_covered_display": "100", "missing_lines": 0, "excluded_lines": 0, "percent_statements_covered": 100.0, "percent_statements_covered_display": "100", "num_branches": 0, "num_partial_branches": 0, "covered_branches": 0, "missing_branches": 0, "percent_branches_covered": 100.0, "percent_branches_covered_display": "100"}, "missing_lines": [], "excluded_lines": [], "start_line": 1, "executed_branches": [], "missing_branches": []}}}}, "totals": {"covered_lines": 3244, "num_statements": 7535, "percent_covered": 37.915057915057915, "percent_covered_display": "38", "missing_lines": 4291, "excluded_lines": 341, "percent_statements_covered": 43.05242203052422, "percent_statements_covered_display": "43", "num_branches": 1530, "num_partial_branches": 91, "covered_branches": 193, "missing_branches": 1337, "percent_branches_covered": 12.61437908496732, "percent_branches_covered_display": "13"}}